\BOOKMARK [0][-]{section*.5}{摘 要}{}% 1
\BOOKMARK [0][-]{section*.6}{ABSTRACT}{}% 2
\BOOKMARK [0][-]{chapter.1}{绪论}{}% 3
\BOOKMARK [1][-]{section.1.1}{研究背景}{chapter.1}% 4
\BOOKMARK [2][-]{subsection.1.1.1}{图像检索}{section.1.1}% 5
\BOOKMARK [2][-]{subsection.1.1.2}{特征提取}{section.1.1}% 6
\BOOKMARK [2][-]{subsection.1.1.3}{特征匹配}{section.1.1}% 7
\BOOKMARK [2][-]{subsection.1.1.4}{大数据处理处理技术}{section.1.1}% 8
\BOOKMARK [1][-]{section.1.2}{研究问题及研究现状}{chapter.1}% 9
\BOOKMARK [1][-]{section.1.3}{本文工作与成果}{chapter.1}% 10
\BOOKMARK [1][-]{section.1.4}{论文结构}{chapter.1}% 11
\BOOKMARK [0][-]{chapter.2}{相关原理分析}{}% 12
\BOOKMARK [1][-]{section.2.1}{图像表示原理}{chapter.2}% 13
\BOOKMARK [1][-]{section.2.2}{SIFT算法原理}{chapter.2}% 14
\BOOKMARK [1][-]{section.2.3}{Spark核心技术原理}{chapter.2}% 15
\BOOKMARK [2][-]{subsection.2.3.1}{Spark内存编程原理}{section.2.3}% 16
\BOOKMARK [2][-]{subsection.2.3.2}{Spark任务调度原理}{section.2.3}% 17
\BOOKMARK [2][-]{subsection.2.3.3}{Spark性能优化原理}{section.2.3}% 18
\BOOKMARK [1][-]{section.2.4}{分布式存储原理}{chapter.2}% 19
\BOOKMARK [1][-]{section.2.5}{GPU特征提取原理}{chapter.2}% 20
\BOOKMARK [1][-]{section.2.6}{本章小结}{chapter.2}% 21
\BOOKMARK [0][-]{chapter.3}{大规模特征提取系统Spark-SIFT实现}{}% 22
\BOOKMARK [1][-]{section.3.1}{系统架构与数据流程}{chapter.3}% 23
\BOOKMARK [1][-]{section.3.2}{系统模块设计}{chapter.3}% 24
\BOOKMARK [2][-]{subsection.3.2.1}{spark图像基础库spark-imageLib}{section.3.2}% 25
\BOOKMARK [2][-]{subsection.3.2.2}{Spark-sift算法}{section.3.2}% 26
\BOOKMARK [2][-]{subsection.3.2.3}{序列化模块}{section.3.2}% 27
\BOOKMARK [2][-]{subsection.3.2.4}{存储模块}{section.3.2}% 28
\BOOKMARK [2][-]{subsection.3.2.5}{容错模块}{section.3.2}% 29
\BOOKMARK [1][-]{section.3.3}{系统执行与验证}{chapter.3}% 30
\BOOKMARK [2][-]{subsection.3.3.1}{spark-imageLib编译}{section.3.3}% 31
\BOOKMARK [2][-]{subsection.3.3.2}{特征提取应用程序提交}{section.3.3}% 32
\BOOKMARK [2][-]{subsection.3.3.3}{正确性验证}{section.3.3}% 33
\BOOKMARK [1][-]{section.3.4}{本章小结}{chapter.3}% 34
\BOOKMARK [0][-]{chapter.4}{Spark-SIFT系统的三种性能优化方案}{}% 35
\BOOKMARK [1][-]{section.4.1}{key-value的图片描述数据结构}{chapter.4}% 36
\BOOKMARK [1][-]{section.4.2}{分割式图片特征提取算法}{chapter.4}% 37
\BOOKMARK [1][-]{section.4.3}{Shuffle-Efficient的特征提取算法}{chapter.4}% 38
\BOOKMARK [2][-]{subsection.4.3.1}{Shuffle原理}{section.4.3}% 39
\BOOKMARK [2][-]{subsection.4.3.2}{高效的分区划分}{section.4.3}% 40
\BOOKMARK [1][-]{section.4.4}{本章小结}{chapter.4}% 41
\BOOKMARK [0][-]{chapter.5}{Spark-SIFT性能测试和分析}{}% 42
\BOOKMARK [1][-]{section.5.1}{实验环境}{chapter.5}% 43
\BOOKMARK [1][-]{section.5.2}{实验结果与分析}{chapter.5}% 44
\BOOKMARK [2][-]{subsection.5.2.1}{key-value图片描述方式}{section.5.2}% 45
\BOOKMARK [2][-]{subsection.5.2.2}{分割式特征提取算法}{section.5.2}% 46
\BOOKMARK [2][-]{subsection.5.2.3}{Shuffle-Efficient特征提取算法}{section.5.2}% 47
\BOOKMARK [2][-]{subsection.5.2.4}{系统综合性能对比}{section.5.2}% 48
\BOOKMARK [1][-]{section.5.3}{本章小结}{chapter.5}% 49
\BOOKMARK [0][-]{chapter.6}{总结和展望}{}% 50
\BOOKMARK [1][-]{section.6.1}{全文总结}{chapter.6}% 51
\BOOKMARK [1][-]{section.6.2}{未来工作展望}{chapter.6}% 52
\BOOKMARK [0][-]{chapter*.62}{致谢}{}% 53
\BOOKMARK [0][-]{section*.63}{参考文献}{}% 54
\BOOKMARK [0][-]{chapter*.65}{作者在学期间取得的学术成果}{}% 55
