This is XeTeX, Version 3.1415926-2.3-0.9997.5 (MiKTeX 2.9) (preloaded format=xelatex 2017.11.29)  2 DEC 2017 12:22
entering extended mode
**thesis.tex
(C:\Users\simon\Desktop\-nudtpaper_zxm\thesis.tex
LaTeX2e <2011/06/27>
Babel <v3.8m> and hyphenation patterns for loaded.
(C:\Users\simon\Desktop\-nudtpaper_zxm\nudtpaper.cls
Document Class: nudtpaper 2011/07/17 v2.2 NUDT paper template
(C:\CTEX\MiKTeX\tex\latex\base\ifthen.sty
Package: ifthen 2001/05/26 v1.1c Standard LaTeX ifthen package (DPC)
)
(C:\CTEX\MiKTeX\tex\latex\tools\calc.sty
Package: calc 2007/08/22 v4.3 Infix arithmetic (KKT,FJ)
\calc@Acount=\count80
\calc@Bcount=\count81
\calc@Adimen=\dimen102
\calc@Bdimen=\dimen103
\calc@Askip=\skip41
\calc@Bskip=\skip42
LaTeX Info: Redefining \setlength on input line 76.
LaTeX Info: Redefining \addtolength on input line 77.
\calc@Ccount=\count82
\calc@Cskip=\skip43
)
(C:\CTEX\MiKTeX\tex\latex\base\book.cls
Document Class: book 2007/10/19 v1.4h Standard LaTeX document class
(C:\CTEX\MiKTeX\tex\latex\base\bk12.clo
File: bk12.clo 2007/10/19 v1.4h Standard LaTeX file (size option)
Requested font "cmr12" at 12.0pt
 -> cmr12
)
\c@part=\count83
\c@chapter=\count84
\c@section=\count85
\c@subsection=\count86
\c@subsubsection=\count87
\c@paragraph=\count88
\c@subparagraph=\count89
\c@figure=\count90
\c@table=\count91
\abovecaptionskip=\skip44
\belowcaptionskip=\skip45
\bibindent=\dimen104
)
(C:\CTEX\MiKTeX\tex\latex\geometry\geometry.sty
Package: geometry 2010/09/12 v5.6 Page Geometry

(C:\CTEX\MiKTeX\tex\latex\graphics\keyval.sty
Package: keyval 1999/03/16 v1.13 key=value parser (DPC)
\KV@toks@=\toks14
)
(C:\CTEX\MiKTeX\tex\generic\oberdiek\ifpdf.sty
Package: ifpdf 2011/01/30 v2.3 Provides the ifpdf switch (HO)
Package ifpdf Info: pdfTeX in PDF mode is not detected.
)
(C:\CTEX\MiKTeX\tex\generic\oberdiek\ifvtex.sty
Package: ifvtex 2010/03/01 v1.5 Switches for detecting VTeX and its modes (HO)
Package ifvtex Info: VTeX not detected.
)
(C:\CTEX\MiKTeX\tex\generic\ifxetex\ifxetex.sty
Package: ifxetex 2010/09/12 v0.6 Provides ifxetex conditional
)
\Gm@cnth=\count92
\Gm@cntv=\count93
\c@Gm@tempcnt=\count94
\Gm@bindingoffset=\dimen105
\Gm@wd@mp=\dimen106
\Gm@odd@mp=\dimen107
\Gm@even@mp=\dimen108
\Gm@layoutwidth=\dimen109
\Gm@layoutheight=\dimen110
\Gm@layouthoffset=\dimen111
\Gm@layoutvoffset=\dimen112
\Gm@dimlist=\toks15

(C:\CTEX\MiKTeX\tex\xelatex\xetexconfig\geometry.cfg))
(C:\CTEX\MiKTeX\tex\latex\titlesec\titlesec.sty
Package: titlesec 2011/12/15 v2.10.0 Sectioning titles
\ttl@box=\box26
\beforetitleunit=\skip46
\aftertitleunit=\skip47
\ttl@plus=\dimen113
\ttl@minus=\dimen114
\ttl@toksa=\toks16
\titlewidth=\dimen115
\titlewidthlast=\dimen116
\titlewidthfirst=\dimen117

(C:\CTEX\MiKTeX\tex\latex\titlesec\ttlps.def
File: ttlps.def 2011/12/15
))
(C:\CTEX\MiKTeX\tex\latex\titlesec\titletoc.sty
Package: titletoc 2011/12/15 v1.6 TOC entries
\ttl@leftsep=\dimen118
)
(C:\CTEX\MiKTeX\tex\latex\graphics\graphicx.sty
Package: graphicx 1999/02/16 v1.0f Enhanced LaTeX Graphics (DPC,SPQR)

(C:\CTEX\MiKTeX\tex\latex\graphics\graphics.sty
Package: graphics 2009/02/05 v1.0o Standard LaTeX Graphics (DPC,SPQR)

(C:\CTEX\MiKTeX\tex\latex\graphics\trig.sty
Package: trig 1999/03/16 v1.09 sin cos tan (DPC)
)
(C:\CTEX\MiKTeX\tex\latex\00miktex\graphics.cfg
File: graphics.cfg 2007/01/18 v1.5 graphics configuration of teTeX/TeXLive
)
Package graphics Info: Driver file: xetex.def on input line 91.

(C:\CTEX\MiKTeX\tex\xelatex\xetex-def\xetex.def
File: xetex.def 2009/11/22 v0.94 LaTeX color/graphics driver for XeTeX (RRM/JK)

))
\Gin@req@height=\dimen119
\Gin@req@width=\dimen120
)
(C:\CTEX\MiKTeX\tex\latex\subfig\subfig.sty
Package: subfig 2005/06/28 ver: 1.3 subfig package

(C:\CTEX\MiKTeX\tex\latex\caption\caption.sty
Package: caption 2011/11/10 v3.2e Customizing captions (AR)

(C:\CTEX\MiKTeX\tex\latex\caption\caption3.sty
Package: caption3 2011/11/01 v1.4a caption3 kernel (AR)
\captionmargin=\dimen121
\captionmargin@=\dimen122
\captionwidth=\dimen123
\caption@indent=\dimen124
\caption@parindent=\dimen125
\caption@hangindent=\dimen126
)
\c@ContinuedFloat=\count95
)
\c@KVtest=\count96
\sf@farskip=\skip48
\sf@captopadj=\dimen127
\sf@capskip=\skip49
\sf@nearskip=\skip50


Package subfig Warning: Configuration file subfig.cfg not found on input line 2
97.

\c@subfigure=\count97
\c@subfigure@save=\count98
\c@lofdepth=\count99
\c@subtable=\count100
\c@subtable@save=\count101
\c@lotdepth=\count102
\sf@top=\skip51
\sf@bottom=\skip52
) (C:\CTEX\MiKTeX\tex\latex\float\float.sty
Package: float 2001/11/08 v1.3d Float enhancements (AL)
\c@float@type=\count103
\float@exts=\toks17
\float@box=\box27
\@float@everytoks=\toks18
\@floatcapt=\box28
)
(C:\CTEX\MiKTeX\tex\latex\tools\array.sty
Package: array 2008/09/09 v2.4c Tabular extension package (FMi)
\col@sep=\dimen128
\extrarowheight=\dimen129
\NC@list=\toks19
\extratabsurround=\skip53
\backup@length=\skip54
)
(C:\CTEX\MiKTeX\tex\latex\tools\longtable.sty
Package: longtable 2004/02/01 v4.11 Multi-page Table package (DPC)
\LTleft=\skip55
\LTright=\skip56
\LTpre=\skip57
\LTpost=\skip58
\LTchunksize=\count104
\LTcapwidth=\dimen130
\LT@head=\box29
\LT@firsthead=\box30
\LT@foot=\box31
\LT@lastfoot=\box32
\LT@cols=\count105
\LT@rows=\count106
\c@LT@tables=\count107
\c@LT@chunks=\count108
\LT@p@ftn=\toks20
)
(C:\CTEX\MiKTeX\tex\latex\booktabs\booktabs.sty
Package: booktabs 2005/04/14 v1.61803 publication quality tables
\heavyrulewidth=\dimen131
\lightrulewidth=\dimen132
\cmidrulewidth=\dimen133
\belowrulesep=\dimen134
\belowbottomsep=\dimen135
\aboverulesep=\dimen136
\abovetopsep=\dimen137
\cmidrulesep=\dimen138
\cmidrulekern=\dimen139
\defaultaddspace=\dimen140
\@cmidla=\count109
\@cmidlb=\count110
\@aboverulesep=\dimen141
\@belowrulesep=\dimen142
\@thisruleclass=\count111
\@lastruleclass=\count112
\@thisrulewidth=\dimen143
)
(C:\CTEX\MiKTeX\tex\latex\multirow\multirow.sty
\bigstrutjot=\dimen144
)
(C:\CTEX\MiKTeX\tex\latex\tools\tabularx.sty
Package: tabularx 1999/01/07 v2.07 `tabularx' package (DPC)
\TX@col@width=\dimen145
\TX@old@table=\dimen146
\TX@old@col=\dimen147
\TX@target=\dimen148
\TX@delta=\dimen149
\TX@cols=\count113
\TX@ftn=\toks21
)
(C:\Users\simon\Desktop\-nudtpaper_zxm\slashbox.sty
slashbox style by K.Yasuoka, May 1993.
\@slashboxa=\box33
\@slashboxb=\box34
\@slashboxc=\box35
\@slashboxwd=\count114
\@slashboxht=\count115
\@slashsepl=\dimen150
\@slashsepr=\dimen151
) (C:\CTEX\MiKTeX\tex\latex\paralist\paralist.sty
Package: paralist 2002/03/18 v2.3b Extended list environments (BS)
\pltopsep=\skip59
\plpartopsep=\skip60
\plitemsep=\skip61
\plparsep=\skip62
\pl@lab=\toks22
)
(C:\CTEX\MiKTeX\tex\latex\xcolor\xcolor.sty
Package: xcolor 2007/01/21 v2.11 LaTeX color extensions (UK)

(C:\CTEX\MiKTeX\tex\latex\00miktex\color.cfg
File: color.cfg 2007/01/18 v1.5 color configuration of teTeX/TeXLive
)
Package xcolor Info: Driver file: xetex.def on input line 225.
Package xcolor Info: Model `cmy' substituted by `cmy0' on input line 1337.
Package xcolor Info: Model `RGB' extended on input line 1353.
Package xcolor Info: Model `HTML' substituted by `rgb' on input line 1355.
Package xcolor Info: Model `Hsb' substituted by `hsb' on input line 1356.
Package xcolor Info: Model `tHsb' substituted by `hsb' on input line 1357.
Package xcolor Info: Model `HSB' substituted by `hsb' on input line 1358.
Package xcolor Info: Model `Gray' substituted by `gray' on input line 1359.
Package xcolor Info: Model `wave' substituted by `hsb' on input line 1360.
)
(C:\CTEX\MiKTeX\tex\latex\ams\math\amsmath.sty
Package: amsmath 2000/07/18 v2.13 AMS math features
\@mathmargin=\skip63

For additional information on amsmath, use the `?' option.
(C:\CTEX\MiKTeX\tex\latex\ams\math\amstext.sty
Package: amstext 2000/06/29 v2.01

(C:\CTEX\MiKTeX\tex\latex\ams\math\amsgen.sty
File: amsgen.sty 1999/11/30 v2.0
\@emptytoks=\toks23
\ex@=\dimen152
))
(C:\CTEX\MiKTeX\tex\latex\ams\math\amsbsy.sty
Package: amsbsy 1999/11/29 v1.2d
\pmbraise@=\dimen153
)
(C:\CTEX\MiKTeX\tex\latex\ams\math\amsopn.sty
Package: amsopn 1999/12/14 v2.01 operator names
)
\inf@bad=\count116
LaTeX Info: Redefining \frac on input line 211.
\uproot@=\count117
\leftroot@=\count118
LaTeX Info: Redefining \overline on input line 307.
\classnum@=\count119
\DOTSCASE@=\count120
LaTeX Info: Redefining \ldots on input line 379.
LaTeX Info: Redefining \dots on input line 382.
LaTeX Info: Redefining \cdots on input line 467.
\Mathstrutbox@=\box36
\strutbox@=\box37
\big@size=\dimen154
LaTeX Font Info:    Redeclaring font encoding OML on input line 567.
LaTeX Font Info:    Redeclaring font encoding OMS on input line 568.
\macc@depth=\count121
\c@MaxMatrixCols=\count122
\dotsspace@=\muskip10
\c@parentequation=\count123
\dspbrk@lvl=\count124
\tag@help=\toks24
\row@=\count125
\column@=\count126
\maxfields@=\count127
\andhelp@=\toks25
\eqnshift@=\dimen155
\alignsep@=\dimen156
\tagshift@=\dimen157
\tagwidth@=\dimen158
\totwidth@=\dimen159
\lineht@=\dimen160
\@envbody=\toks26
\multlinegap=\skip64
\multlinetaggap=\skip65
\mathdisplay@stack=\toks27
LaTeX Info: Redefining \[ on input line 2666.
LaTeX Info: Redefining \] on input line 2667.
)
(C:\CTEX\MiKTeX\tex\latex\amsfonts\amssymb.sty
Package: amssymb 2009/06/22 v3.00

(C:\CTEX\MiKTeX\tex\latex\amsfonts\amsfonts.sty
Package: amsfonts 2009/06/22 v3.00 Basic AMSFonts support
\symAMSa=\mathgroup4
\symAMSb=\mathgroup5
LaTeX Font Info:    Overwriting math alphabet `\mathfrak' in version `bold'
(Font)                  U/euf/m/n --> U/euf/b/n on input line 96.
))
(C:\CTEX\MiKTeX\tex\latex\txfonts\txfonts.sty
Package: txfonts 2008/01/22 v3.2.1
LaTeX Font Info:    Redeclaring symbol font `operators' on input line 21.
LaTeX Font Info:    Overwriting symbol font `operators' in version `normal'
(Font)                  OT1/cmr/m/n --> OT1/txr/m/n on input line 21.
LaTeX Font Info:    Overwriting symbol font `operators' in version `bold'
(Font)                  OT1/cmr/bx/n --> OT1/txr/m/n on input line 21.
LaTeX Font Info:    Overwriting symbol font `operators' in version `bold'
(Font)                  OT1/txr/m/n --> OT1/txr/bx/n on input line 22.
\symitalic=\mathgroup6
LaTeX Font Info:    Overwriting symbol font `italic' in version `bold'
(Font)                  OT1/txr/m/it --> OT1/txr/bx/it on input line 26.
LaTeX Font Info:    Redeclaring math alphabet \mathbf on input line 29.
LaTeX Font Info:    Overwriting math alphabet `\mathbf' in version `normal'
(Font)                  OT1/cmr/bx/n --> OT1/txr/bx/n on input line 29.
LaTeX Font Info:    Overwriting math alphabet `\mathbf' in version `bold'
(Font)                  OT1/cmr/bx/n --> OT1/txr/bx/n on input line 29.
LaTeX Font Info:    Redeclaring math alphabet \mathit on input line 30.
LaTeX Font Info:    Overwriting math alphabet `\mathit' in version `normal'
(Font)                  OT1/cmr/m/it --> OT1/txr/m/it on input line 30.
LaTeX Font Info:    Overwriting math alphabet `\mathit' in version `bold'
(Font)                  OT1/cmr/bx/it --> OT1/txr/m/it on input line 30.
LaTeX Font Info:    Overwriting math alphabet `\mathit' in version `bold'
(Font)                  OT1/txr/m/it --> OT1/txr/bx/it on input line 31.
LaTeX Font Info:    Redeclaring math alphabet \mathsf on input line 40.
LaTeX Font Info:    Overwriting math alphabet `\mathsf' in version `normal'
(Font)                  OT1/cmss/m/n --> OT1/txss/m/n on input line 40.
LaTeX Font Info:    Overwriting math alphabet `\mathsf' in version `bold'
(Font)                  OT1/cmss/bx/n --> OT1/txss/m/n on input line 40.
LaTeX Font Info:    Overwriting math alphabet `\mathsf' in version `bold'
(Font)                  OT1/txss/m/n --> OT1/txss/b/n on input line 41.
LaTeX Font Info:    Redeclaring math alphabet \mathtt on input line 50.
LaTeX Font Info:    Overwriting math alphabet `\mathtt' in version `normal'
(Font)                  OT1/cmtt/m/n --> OT1/txtt/m/n on input line 50.
LaTeX Font Info:    Overwriting math alphabet `\mathtt' in version `bold'
(Font)                  OT1/cmtt/m/n --> OT1/txtt/m/n on input line 50.
LaTeX Font Info:    Overwriting math alphabet `\mathtt' in version `bold'
(Font)                  OT1/txtt/m/n --> OT1/txtt/b/n on input line 51.
LaTeX Font Info:    Redeclaring symbol font `letters' on input line 58.
LaTeX Font Info:    Overwriting symbol font `letters' in version `normal'
(Font)                  OML/cmm/m/it --> OML/txmi/m/it on input line 58.
LaTeX Font Info:    Overwriting symbol font `letters' in version `bold'
(Font)                  OML/cmm/b/it --> OML/txmi/m/it on input line 58.
LaTeX Font Info:    Overwriting symbol font `letters' in version `bold'
(Font)                  OML/txmi/m/it --> OML/txmi/bx/it on input line 59.
\symlettersA=\mathgroup7
LaTeX Font Info:    Overwriting symbol font `lettersA' in version `bold'
(Font)                  U/txmia/m/it --> U/txmia/bx/it on input line 67.
LaTeX Font Info:    Redeclaring math alphabet \mathfrak on input line 70.
LaTeX Font Info:    Redeclaring symbol font `symbols' on input line 77.
LaTeX Font Info:    Overwriting symbol font `symbols' in version `normal'
(Font)                  OMS/cmsy/m/n --> OMS/txsy/m/n on input line 77.
LaTeX Font Info:    Overwriting symbol font `symbols' in version `bold'
(Font)                  OMS/cmsy/b/n --> OMS/txsy/m/n on input line 77.
LaTeX Font Info:    Overwriting symbol font `symbols' in version `bold'
(Font)                  OMS/txsy/m/n --> OMS/txsy/bx/n on input line 78.
LaTeX Font Info:    Redeclaring symbol font `AMSa' on input line 93.
LaTeX Font Info:    Overwriting symbol font `AMSa' in version `normal'
(Font)                  U/msa/m/n --> U/txsya/m/n on input line 93.
LaTeX Font Info:    Overwriting symbol font `AMSa' in version `bold'
(Font)                  U/msa/m/n --> U/txsya/m/n on input line 93.
LaTeX Font Info:    Overwriting symbol font `AMSa' in version `bold'
(Font)                  U/txsya/m/n --> U/txsya/bx/n on input line 94.
LaTeX Font Info:    Redeclaring symbol font `AMSb' on input line 102.
LaTeX Font Info:    Overwriting symbol font `AMSb' in version `normal'
(Font)                  U/msb/m/n --> U/txsyb/m/n on input line 102.
LaTeX Font Info:    Overwriting symbol font `AMSb' in version `bold'
(Font)                  U/msb/m/n --> U/txsyb/m/n on input line 102.
LaTeX Font Info:    Overwriting symbol font `AMSb' in version `bold'
(Font)                  U/txsyb/m/n --> U/txsyb/bx/n on input line 103.
\symsymbolsC=\mathgroup8
LaTeX Font Info:    Overwriting symbol font `symbolsC' in version `bold'
(Font)                  U/txsyc/m/n --> U/txsyc/bx/n on input line 113.
LaTeX Font Info:    Redeclaring symbol font `largesymbols' on input line 120.
LaTeX Font Info:    Overwriting symbol font `largesymbols' in version `normal'
(Font)                  OMX/cmex/m/n --> OMX/txex/m/n on input line 120.
LaTeX Font Info:    Overwriting symbol font `largesymbols' in version `bold'
(Font)                  OMX/cmex/m/n --> OMX/txex/m/n on input line 120.
LaTeX Font Info:    Overwriting symbol font `largesymbols' in version `bold'
(Font)                  OMX/txex/m/n --> OMX/txex/bx/n on input line 121.
\symlargesymbolsA=\mathgroup9
LaTeX Font Info:    Overwriting symbol font `largesymbolsA' in version `bold'
(Font)                  U/txexa/m/n --> U/txexa/bx/n on input line 129.
LaTeX Info: Redefining \not on input line 1043.
)
(C:\CTEX\MiKTeX\tex\latex\was\upgreek.sty
Package: upgreek 2003/02/12 v2.0 (WaS)
Package upgreek Info: Using Adobe Symbol, scaled 900, for upright Greek on inpu
t line 85.
\symugrf@m=\mathgroup10
)
(C:\CTEX\MiKTeX\tex\latex\tools\bm.sty
Package: bm 2004/02/26 v1.1c Bold Symbol Support (DPC/FMi)
\symboldoperators=\mathgroup11
\symboldletters=\mathgroup12
\symboldsymbols=\mathgroup13
\symboldlargesymbols=\mathgroup14
LaTeX Font Info:    Redeclaring math alphabet \mathbf on input line 138.
LaTeX Info: Redefining \bm on input line 204.
)
(C:\CTEX\MiKTeX\tex\latex\base\fontenc.sty
Package: fontenc 2005/09/27 v1.99g Standard LaTeX package

(C:\CTEX\MiKTeX\tex\latex\base\t1enc.def
File: t1enc.def 2005/09/27 v1.99g Standard LaTeX file
LaTeX Font Info:    Redeclaring font encoding T1 on input line 43.
)
Requested font "ecrm1200" at 12.0pt
 -> ecrm1200
)
(C:\CTEX\MiKTeX\tex\latex\ntheorem\ntheorem.sty
Style `ntheorem', Version 1.31 <2011/02/16>
Package: ntheorem 2011/02/16 1.31
\theorem@style=\toks28
\theorem@@style=\toks29
\theorembodyfont=\toks30
\theoremnumbering=\toks31
\theorempreskipamount=\skip66
\theorempostskipamount=\skip67
\theoremframepreskipamount=\skip68
\theoremframepostskipamount=\skip69
\theoremindent=\dimen161
\theorem@indent=\dimen162
\theoremheaderfont=\toks32
\theoremseparator=\toks33
\theoremprework=\toks34
\theorempostwork=\toks35
\theoremsymbol=\toks36
\qedsymbol=\toks37
\theoremkeyword=\toks38
\qedsymbol=\toks39
\thm@topsepadd=\skip70
Package ntheorem Info: Option `thmmarks' loaded on input line 1066.
\c@endNonectr=\count128
\c@currNonectr=\count129
\mysavskip=\skip71
Package ntheorem Info: option `amsmath' handling for `thmmarks' loaded on input
 line 1066.
\thm@amstmpdepth=\dimen163
\tagwidth=\dimen164
) (C:\CTEX\MiKTeX\tex\xelatex\xecjk\xeCJK.sty
Package: xeCJK 2012/01/31 2.4.5 package for typesetting CJK scripts with XeLaTe
X

(C:\CTEX\MiKTeX\tex\latex\xkeyval\xkeyval.sty
Package: xkeyval 2008/08/13 v2.6a package option processing (HA)

(C:\CTEX\MiKTeX\tex\generic\xkeyval\xkeyval.tex
\XKV@toks=\toks40
\XKV@tempa@toks=\toks41
\XKV@depth=\count130
File: xkeyval.tex 2008/08/13 v2.6a key=value parser (HA)
))
(C:\CTEX\MiKTeX\tex\latex\l3kernel\expl3.sty
(C:\CTEX\MiKTeX\tex\latex\l3kernel\l3names.sty
(C:\CTEX\MiKTeX\tex\latex\l3kernel\l3bootstrap.sty
Package: l3bootstrap 2011/12/29 v3110 L3 Experimental bootstrap code
)
Package: l3names 2011/12/30 v3113 L3 Experimental namespace for primitives
)
(C:\CTEX\MiKTeX\tex\latex\misc\etex.sty
Package: etex 1998/03/26 v2.0 eTeX basic definition package (PEB)
\et@xins=\count131
)
Package: expl3 2012/02/26 v3471 L3 Experimental code bundle wrapper

(C:\CTEX\MiKTeX\tex\latex\l3kernel\l3basics.sty
Package: l3basics 2012/02/26 v3460 L3 Experimental basic definitions
)
(C:\CTEX\MiKTeX\tex\latex\l3kernel\l3expan.sty
Package: l3expan 2012/02/26 v3460 L3 Experimental argument expansion
)
(C:\CTEX\MiKTeX\tex\latex\l3kernel\l3tl.sty
Package: l3tl 2012/02/26 v3460 L3 Experimental token lists
)
(C:\CTEX\MiKTeX\tex\latex\l3kernel\l3seq.sty
Package: l3seq 2012/01/09 v3158 L3 Experimental sequences and stacks
)
(C:\CTEX\MiKTeX\tex\latex\l3kernel\l3int.sty
Package: l3int 2012/02/26 v3460 L3 Experimental integers
\c_max_int=\count132
\l_tmpa_int=\count133
\l_tmpb_int=\count134
\l_tmpc_int=\count135
\g_tmpa_int=\count136
\g_tmpb_int=\count137
)
(C:\CTEX\MiKTeX\tex\latex\l3kernel\l3quark.sty
Package: l3quark 2012/02/12 v3384 L3 Experimental quarks
)
(C:\CTEX\MiKTeX\tex\latex\l3kernel\l3prg.sty
Package: l3prg 2012/02/26 v3464 L3 Experimental control structures
\g_prg_map_int=\count138
)
(C:\CTEX\MiKTeX\tex\latex\l3kernel\l3clist.sty
Package: l3clist 2012/02/26 v3460 L3 Experimental comma separated lists
)
(C:\CTEX\MiKTeX\tex\latex\l3kernel\l3token.sty
Package: l3token 2012/02/26 v3460 L3 Experimental token manipulation
)
(C:\CTEX\MiKTeX\tex\latex\l3kernel\l3prop.sty
Package: l3prop 2012/02/26 v3460 L3 Experimental property lists
)
(C:\CTEX\MiKTeX\tex\latex\l3kernel\l3msg.sty
Package: l3msg 2012/02/26 v3470 L3 Experimental messages
)
(C:\CTEX\MiKTeX\tex\latex\l3kernel\l3file.sty
Package: l3file 2012/02/26 v3464 L3 Experimental file and I/O operations
\l_iow_stream_int=\count139
\l_iow_line_length_int=\count140
\l_iow_target_length_int=\count141
\l_iow_current_line_int=\count142
\l_iow_current_word_int=\count143
\l_iow_current_indentation_int=\count144
)
(C:\CTEX\MiKTeX\tex\latex\l3kernel\l3skip.sty
Package: l3skip 2012/02/26 v3460 L3 Experimental dimensions and skips
\l_tmpa_dim=\dimen165
\l_tmpb_dim=\dimen166
\l_tmpc_dim=\dimen167
\g_tmpa_dim=\dimen168
\g_tmpb_dim=\dimen169
\l_tmpa_skip=\skip72
\l_tmpb_skip=\skip73
\l_tmpc_skip=\skip74
\g_tmpa_skip=\skip75
\g_tmpb_skip=\skip76
)
(C:\CTEX\MiKTeX\tex\latex\l3kernel\l3keys.sty
Package: l3keys 2011/12/22 v3086 L3 Experimental key-value interfaces
\g_keyval_level_int=\count145
\l_keys_choice_int=\count146
)
(C:\CTEX\MiKTeX\tex\latex\l3kernel\l3fp.sty
Package: l3fp 2012/02/06 v3315 L3 Experimental floating-point operations
\c_one_hundred_million=\count147
\c_five_hundred_million=\count148
\c_one_thousand_million=\count149
\c_fp_pi_by_four_decimal_int=\count150
\c_fp_pi_by_four_extended_int=\count151
\c_fp_pi_decimal_int=\count152
\c_fp_pi_extended_int=\count153
\c_fp_two_pi_decimal_int=\count154
\c_fp_two_pi_extended_int=\count155
\l_fp_count_int=\count156
\l_fp_div_offset_int=\count157
\l_fp_exp_integer_int=\count158
\l_fp_exp_decimal_int=\count159
\l_fp_exp_extended_int=\count160
\l_fp_exp_exponent_int=\count161
\l_fp_input_a_sign_int=\count162
\l_fp_input_a_integer_int=\count163
\l_fp_input_a_decimal_int=\count164
\l_fp_input_a_exponent_int=\count165
\l_fp_input_b_sign_int=\count166
\l_fp_input_b_integer_int=\count167
\l_fp_input_b_decimal_int=\count168
\l_fp_input_b_exponent_int=\count169
\l_fp_input_a_extended_int=\count170
\l_fp_input_b_extended_int=\count171
\l_fp_mul_a_i_int=\count172
\l_fp_mul_a_ii_int=\count173
\l_fp_mul_a_iii_int=\count174
\l_fp_mul_a_iv_int=\count175
\l_fp_mul_a_v_int=\count176
\l_fp_mul_a_vi_int=\count177
\l_fp_mul_b_i_int=\count178
\l_fp_mul_b_ii_int=\count179
\l_fp_mul_b_iii_int=\count180
\l_fp_mul_b_iv_int=\count181
\l_fp_mul_b_v_int=\count182
\l_fp_mul_b_vi_int=\count183
\l_fp_mul_output_int=\count184
\l_fp_output_sign_int=\count185
\l_fp_output_integer_int=\count186
\l_fp_output_decimal_int=\count187
\l_fp_output_exponent_int=\count188
\l_fp_output_extended_int=\count189
\l_fp_round_position_int=\count190
\l_fp_round_target_int=\count191
\l_fp_split_sign_int=\count192
\l_fp_internal_int=\count193
\l_fp_trig_octant_int=\count194
\l_fp_trig_sign_int=\count195
\l_fp_trig_decimal_int=\count196
\l_fp_trig_extended_int=\count197
\l_fp_internal_dim=\dimen170
\l_fp_internal_skip=\skip77
)
(C:\CTEX\MiKTeX\tex\latex\l3kernel\l3box.sty
Package: l3box 2012/02/18 v3432 L3 Experimental boxes
\l_tmpb_box=\box38
\l_box_top_dim=\dimen171
\l_box_bottom_dim=\dimen172
\l_box_left_dim=\dimen173
\l_box_right_dim=\dimen174
\l_box_top_new_dim=\dimen175
\l_box_bottom_new_dim=\dimen176
\l_box_left_new_dim=\dimen177
\l_box_right_new_dim=\dimen178
\l_box_internal_box=\box39
)
(C:\CTEX\MiKTeX\tex\latex\l3kernel\l3coffins.sty
Package: l3coffins 2012/02/26 v3460 L3 Experimental coffin code layer
\l_coffin_internal_box=\box40
\l_coffin_internal_dim=\dimen179
\l_coffin_offset_x_dim=\dimen180
\l_coffin_offset_y_dim=\dimen181
\l_coffin_x_dim=\dimen182
\l_coffin_y_dim=\dimen183
\l_coffin_x_prime_dim=\dimen184
\l_coffin_y_prime_dim=\dimen185
\l_coffin_Depth_dim=\dimen186
\l_coffin_Height_dim=\dimen187
\l_coffin_TotalHeight_dim=\dimen188
\l_coffin_Width_dim=\dimen189
\c_empty_coffin=\box41
\l_coffin_aligned_coffin=\box42
\l_coffin_aligned_internal_coffin=\box43
\l_coffin_bounding_shift_dim=\dimen190
\l_coffin_left_corner_dim=\dimen191
\l_coffin_right_corner_dim=\dimen192
\l_coffin_bottom_corner_dim=\dimen193
\l_coffin_top_corner_dim=\dimen194
\l_coffin_scaled_total_height_dim=\dimen195
\l_coffin_scaled_width_dim=\dimen196
\l_coffin_display_coffin=\box44
\l_coffin_display_coord_coffin=\box45
\l_coffin_display_pole_coffin=\box46
\l_coffin_display_offset_dim=\dimen197
\l_coffin_display_x_dim=\dimen198
\l_coffin_display_y_dim=\dimen199
)
(C:\CTEX\MiKTeX\tex\latex\l3kernel\l3color.sty
Package: l3color 2011/09/07 v2776 L3 Experimental colour support
)
(C:\CTEX\MiKTeX\tex\latex\l3kernel\l3luatex.sty
Package: l3luatex 2012/02/09 v3355 L3 Experimental LuaTeX-specific functions
\g_cctab_allocate_int=\count198
\g_cctab_stack_int=\count199
))
(C:\CTEX\MiKTeX\tex\latex\fontspec\fontspec.sty
Package: fontspec 2011/09/18 v2.2a Advanced font selection for XeLaTeX/LuaLaTeX


(C:\CTEX\MiKTeX\tex\latex\l3packages\xparse\xparse.sty
Package: xparse 2012/02/26 v3471 L3 Experimental document command parser
\l_xparse_current_arg_int=\count200
\l_xparse_m_args_int=\count201
Normal \count register pool exhausted, switching to extended pool.
\l_xparse_mandatory_args_int=\count277
\l_xparse_processor_int=\count278
\l_xparse_v_nesting_int=\count279
)
\l_fontspec_script_int=\count280
\l_fontspec_language_int=\count281
\l_fontspec_strnum_int=\count282
\l_fontspec_tmpa_dim=\dimen200
\l_fontspec_tmpb_dim=\dimen201
Normal \dimen register pool exhausted, switching to extended pool.
\l_fontspec_tmpc_dim=\dimen256
Variant \tl_gset:cV already defined; not changing it on line 66

(C:\CTEX\MiKTeX\tex\latex\fontspec\fontspec-patches.sty
Package: fontspec-patches 2011/09/18 v2.2a Advanced font selection for XeLaTeX/
LuaLaTeX

(C:\CTEX\MiKTeX\tex\latex\base\fixltx2e.sty
Package: fixltx2e 2006/09/13 v1.1m fixes to LaTeX
LaTeX Info: Redefining \em on input line 420.
LaTeX Info: The control sequence `\[' is already robust on input line 471.
LaTeX Info: The control sequence `\]' is already robust on input line 472.
)
LaTeX Info: Redefining \em on input line 22.
LaTeX Info: Redefining \emph on input line 29.
LaTeX Info: Redefining \- on input line 32.

*************************************************
* LaTeX warning: "xparse/redefine-command"
* 
* Redefining document command \oldstylenums with arg. spec. 'm' on line 107.
*************************************************
.................................................
. LaTeX info: "xparse/define-command"
. 
. Defining document command \liningnums with arg. spec. 'm' on line 111.
.................................................
) (C:\CTEX\MiKTeX\tex\latex\fontspec\fontspec-xetex.sty
Package: fontspec-xetex 2011/09/18 v2.2a Advanced font selection for XeLaTeX/Lu
aLaTeX

(C:\CTEX\MiKTeX\tex\latex\base\fontenc.sty
Package: fontenc 2005/09/27 v1.99g Standard LaTeX package

(C:\CTEX\MiKTeX\tex\latex\euenc\eu1enc.def
File: eu1enc.def 2010/05/27 v0.1h Experimental Unicode font encodings
)
LaTeX Font Info:    Try loading font information for EU1+lmr on input line 100.


(C:\CTEX\MiKTeX\tex\latex\euenc\eu1lmr.fd
File: eu1lmr.fd 2009/10/30 v1.6 Font defs for Latin Modern
)
Requested font "[lmroman10-regular]:mapping=tex-text" at 10.0pt
 -> C:/CTEX/MiKTeX/fonts/opentype/public/lm/lmroman10-regular.otf
)
(C:\CTEX\MiKTeX\tex\xelatex\xunicode\xunicode.sty
File: xunicode.sty 2011/09/09 v0.981 provides access to latin accents and many 
other characters in Unicode lower plane

(C:\CTEX\MiKTeX\tex\latex\tipa\t3enc.def
File: t3enc.def 2001/12/31 T3 encoding
Requested font "[lmromanslant10-regular]:mapping=tex-text" at 10.0pt
 -> C:/CTEX/MiKTeX/fonts/opentype/public/lm/lmromanslant10-regular.otf
Requested font "[lmroman10-italic]:mapping=tex-text" at 10.0pt
 -> C:/CTEX/MiKTeX/fonts/opentype/public/lm/lmroman10-italic.otf
Requested font "[lmroman10-bold]:mapping=tex-text" at 10.0pt
 -> C:/CTEX/MiKTeX/fonts/opentype/public/lm/lmroman10-bold.otf
LaTeX Font Info:    Try loading font information for EU1+lmss on input line 357
.

(C:\CTEX\MiKTeX\tex\latex\euenc\eu1lmss.fd
File: eu1lmss.fd 2009/10/30 v1.6 Font defs for Latin Modern
)
Requested font "[lmsans10-regular]:mapping=tex-text" at 10.0pt
 -> C:/CTEX/MiKTeX/fonts/opentype/public/lm/lmsans10-regular.otf
)
\tipaTiiicode=\count283
\tipasavetokens=\toks42
\tipachecktokens=\toks43
)
.................................................
. LaTeX info: "xparse/define-command"
. 
. Defining document command \fontspec with arg. spec. 'O{}m' on line 39.
.................................................
.................................................
. LaTeX info: "xparse/define-command"
. 
. Defining document command \setmainfont with arg. spec. 'O{}m' on line 43.
.................................................
.................................................
. LaTeX info: "xparse/define-command"
. 
. Defining document command \setsansfont with arg. spec. 'O{}m' on line 47.
.................................................
.................................................
. LaTeX info: "xparse/define-command"
. 
. Defining document command \setmonofont with arg. spec. 'O{}m' on line 51.
.................................................
.................................................
. LaTeX info: "xparse/define-command"
. 
. Defining document command \setmathrm with arg. spec. 'O{}m' on line 59.
.................................................
.................................................
. LaTeX info: "xparse/define-command"
. 
. Defining document command \setboldmathrm with arg. spec. 'O{}m' on line 62.
.................................................
.................................................
. LaTeX info: "xparse/define-command"
. 
. Defining document command \setmathsf with arg. spec. 'O{}m' on line 65.
.................................................
.................................................
. LaTeX info: "xparse/define-command"
. 
. Defining document command \setmathtt with arg. spec. 'O{}m' on line 68.
.................................................
.................................................
. LaTeX info: "xparse/define-command"
. 
. Defining document command \newfontfamily with arg. spec. 'mO{}m' on line 84.
.................................................
.................................................
. LaTeX info: "xparse/define-command"
. 
. Defining document command \newfontface with arg. spec. 'mO{}m' on line 87.
.................................................
.................................................
. LaTeX info: "xparse/define-command"
. 
. Defining document command \defaultfontfeatures with arg. spec. 'm' on line
. 91.
.................................................
.................................................
. LaTeX info: "xparse/define-command"
. 
. Defining document command \addfontfeatures with arg. spec. 'm' on line 107.
.................................................
.................................................
. LaTeX info: "xparse/define-command"
. 
. Defining document command \newfontfeature with arg. spec. 'mm' on line 118.
.................................................
.................................................
. LaTeX info: "xparse/define-command"
. 
. Defining document command \newAATfeature with arg. spec. 'mmmm' on line 125.
.................................................
.................................................
. LaTeX info: "xparse/define-command"
. 
. Defining document command \newICUfeature with arg. spec. 'mmm' on line 132.
.................................................
.................................................
. LaTeX info: "xparse/define-command"
. 
. Defining document command \aliasfontfeature with arg. spec. 'mm' on line
. 159.
.................................................
.................................................
. LaTeX info: "xparse/define-command"
. 
. Defining document command \aliasfontfeatureoption with arg. spec. 'mmm' on
. line 164.
.................................................
.................................................
. LaTeX info: "xparse/define-command"
. 
. Defining document command \newfontscript with arg. spec. 'mm' on line 169.
.................................................
.................................................
. LaTeX info: "xparse/define-command"
. 
. Defining document command \newfontlanguage with arg. spec. 'mm' on line 192.
.................................................
.................................................
. LaTeX info: "xparse/define-command"
. 
. Defining document command \DeclareFontsExtensions with arg. spec. 'm' on
. line 211.
.................................................
Variant \prop_gput:cnV already defined; not changing it on line 485
Variant \prop_gput:cnx already defined; not changing it on line 486
Variant \keys_set:nx already defined; not changing it on line 963
\c@fontspec_tmp_int=\count284
LaTeX Info: Redefining \itshape on input line 1881.
LaTeX Info: Redefining \slshape on input line 1885.
LaTeX Info: Redefining \scshape on input line 1889.
LaTeX Info: Redefining \upshape on input line 1893.

(C:\CTEX\MiKTeX\tex\latex\fontspec\fontspec.cfg)))
\xeCJK@cnta=\count285
\xeCJK@cntb=\count286
\xeCJK@cntc=\count287
\xeCJK@cntd=\count288
\xeCJK@cnte=\count289
\xeCJK@dima=\dimen257
LaTeX Info: Redefining \normalfont on input line 886.
LaTeX Info: Redefining \rmfamily on input line 895.
LaTeX Info: Redefining \sffamily on input line 899.
LaTeX Info: Redefining \ttfamily on input line 903.
\xeCJK@featureadded=\count290
\g_xecjk_exspace_dim=\dimen258

(C:\CTEX\MiKTeX\tex\latex\cjk\CJKnumb.sty
Package: CJKnumb 2008/12/29 4.8.2
\CJK@q=\count291
\CJK@r=\count292
))
(C:\CTEX\MiKTeX\tex\latex\tools\indentfirst.sty
Package: indentfirst 1995/11/23 v1.03 Indent first paragraph (DPC)
)
(C:\CTEX\MiKTeX\tex\latex\natbib\natbib.sty
Package: natbib 2010/09/13 8.31b (PWD, AO)
\bibhang=\skip78
\bibsep=\skip79
LaTeX Info: Redefining \cite on input line 694.
\c@NAT@ctr=\count293
)
(C:\CTEX\MiKTeX\tex\latex\hyperref\hyperref.sty
Package: hyperref 2012/02/06 v6.82o Hypertext links for LaTeX

(C:\CTEX\MiKTeX\tex\generic\oberdiek\hobsub-hyperref.sty
Package: hobsub-hyperref 2011/04/23 v1.4 Bundle oberdiek, subset hyperref (HO)

(C:\CTEX\MiKTeX\tex\generic\oberdiek\hobsub-generic.sty
Package: hobsub-generic 2011/04/23 v1.4 Bundle oberdiek, subset generic (HO)
Package: hobsub 2011/04/23 v1.4 Subsetting bundle oberdiek (HO)
Package: infwarerr 2010/04/08 v1.3 Providing info/warning/message (HO)
Package: ltxcmds 2011/04/18 v1.20 LaTeX kernel commands for general use (HO)
Package: ifluatex 2010/03/01 v1.3 Provides the ifluatex switch (HO)
Package ifluatex Info: LuaTeX not detected.
Package hobsub Info: Skipping package `ifvtex' (already loaded).
Package: intcalc 2007/09/27 v1.1 Expandable integer calculations (HO)
Package hobsub Info: Skipping package `ifpdf' (already loaded).
Package: etexcmds 2011/02/16 v1.5 Prefix for e-TeX command names (HO)
Package etexcmds Info: Could not find \expanded.
(etexcmds)             That can mean that you are not using pdfTeX 1.50 or
(etexcmds)             that some package has redefined \expanded.
(etexcmds)             In the latter case, load this package earlier.
Package: kvsetkeys 2011/04/07 v1.13 Key value parser (HO)
Package: kvdefinekeys 2011/04/07 v1.3 Defining keys (HO)
Package: pdftexcmds 2011/04/22 v0.16 Utilities of pdfTeX for LuaTeX (HO)
Package pdftexcmds Info: LuaTeX not detected.
Package pdftexcmds Info: pdfTeX >= 1.30 not detected.
Package pdftexcmds Info: \pdf@primitive is available.
Package pdftexcmds Info: \pdf@ifprimitive is available.
Package pdftexcmds Info: \pdfdraftmode not found.
Package: pdfescape 2011/04/04 v1.12 Provides string conversions (HO)
Package: bigintcalc 2011/01/30 v1.2 Expandable big integer calculations (HO)
Package: bitset 2011/01/30 v1.1 Data type bit set (HO)
Package: uniquecounter 2011/01/30 v1.2 Provides unlimited unique counter (HO)
)
Package hobsub Info: Skipping package `hobsub' (already loaded).
Package: letltxmacro 2010/09/02 v1.4 Let assignment for LaTeX macros (HO)
Package: hopatch 2011/01/30 v1.0 Wrapper for package hooks (HO)
Package: xcolor-patch 2011/01/30 xcolor patch
Package: atveryend 2011/04/23 v1.7 Hooks at very end of document (HO)
Package: atbegshi 2011/01/30 v1.15 At begin shipout hook (HO)
Package: refcount 2010/12/01 v3.2 Data extraction from references (HO)
Package: hycolor 2011/01/30 v1.7 Color options of hyperref/bookmark (HO)
)
(C:\CTEX\MiKTeX\tex\latex\oberdiek\kvoptions.sty
Package: kvoptions 2010/12/23 v3.10 Keyval support for LaTeX options (HO)
)
\@linkdim=\dimen259
\Hy@linkcounter=\count294
\Hy@pagecounter=\count295

(C:\CTEX\MiKTeX\tex\latex\hyperref\pd1enc.def
File: pd1enc.def 2012/02/06 v6.82o Hyperref: PDFDocEncoding definition (HO)
)
\Hy@SavedSpaceFactor=\count296

(C:\CTEX\MiKTeX\tex\latex\00miktex\hyperref.cfg
File: hyperref.cfg 2002/06/06 v1.2 hyperref configuration of TeXLive
)
Package hyperref Info: Option `colorlinks' set `true' on input line 3925.
Package hyperref Info: Hyper figures OFF on input line 4046.
Package hyperref Info: Link nesting OFF on input line 4051.
Package hyperref Info: Hyper index ON on input line 4054.
Package hyperref Info: Plain pages OFF on input line 4061.
Package hyperref Info: Backreferencing OFF on input line 4066.
Package hyperref Info: Implicit mode ON; LaTeX internals redefined.
Package hyperref Info: Bookmarks ON on input line 4284.
\c@Hy@tempcnt=\count297

(C:\CTEX\MiKTeX\tex\xelatex\xetexurl\url.sty
\Urlmuskip=\muskip11
Package: url 2004/03/15  ver 3.1  Verb mode for urls, etc.
)
LaTeX Info: Redefining \url on input line 4637.
\Fld@menulength=\count298
\Field@Width=\dimen260
\Fld@charsize=\dimen261
Package hyperref Info: Hyper figures OFF on input line 5757.
Package hyperref Info: Link nesting OFF on input line 5762.
Package hyperref Info: Hyper index ON on input line 5765.
Package hyperref Info: backreferencing OFF on input line 5772.
Package hyperref Info: Link coloring ON on input line 5775.
Package hyperref Info: Link coloring with OCG OFF on input line 5782.
Package hyperref Info: PDF/A mode OFF on input line 5787.
LaTeX Info: Redefining \ref on input line 5827.
LaTeX Info: Redefining \pageref on input line 5831.
\Hy@abspage=\count299
\c@Item=\count300
\c@Hfootnote=\count301
)

Package hyperref Message: Driver (autodetected): hxetex.

(C:\CTEX\MiKTeX\tex\latex\hyperref\hxetex.def
File: hxetex.def 2012/02/06 v6.82o Hyperref driver for XeTeX

(C:\CTEX\MiKTeX\tex\latex\hyperref\puenc.def
File: puenc.def 2012/02/06 v6.82o Hyperref: PDF Unicode definition (HO)
)
(C:\CTEX\MiKTeX\tex\generic\oberdiek\stringenc.sty
Package: stringenc 2010/03/01 v1.8 Converts strings between encodings (HO)
)
\pdfm@box=\box47
\c@Hy@AnnotLevel=\count302
\HyField@AnnotCount=\count303
\Fld@listcount=\count304
\c@bookmark@seq@number=\count305

(C:\CTEX\MiKTeX\tex\latex\oberdiek\rerunfilecheck.sty
Package: rerunfilecheck 2011/04/15 v1.7 Rerun checks for auxiliary files (HO)
Package rerunfilecheck Info: Feature \pdfmdfivesum is not available
(rerunfilecheck)             (e.g. pdfTeX or LuaTeX with package `pdftexcmds').

(rerunfilecheck)             Therefore file contents cannot be checked efficien
tly
(rerunfilecheck)             and the loading of the package is aborted.
)
\Hy@SectionHShift=\skip80
)
Requested font "Times New Roman" at 10.0pt
 -> C:/Windows/Fonts/times.ttf
Requested font "Times New Roman/ICU" at 10.0pt
 -> C:/Windows/Fonts/times.ttf
\g_fontspec_family_Times New Roman_int=\count306
Requested font "Times New Roman/B/ICU" at 10.0pt
 -> C:/Windows/Fonts/timesbd.ttf
Requested font "Times New Roman/B/B/ICU" at 10.0pt
 -> C:/Windows/Fonts/timesbd.ttf
Requested font "Times New Roman/I/ICU" at 10.0pt
 -> C:/Windows/Fonts/timesi.ttf
Requested font "Times New Roman/I/I/ICU" at 10.0pt
 -> C:/Windows/Fonts/timesi.ttf
Requested font "Times New Roman/BI/ICU" at 10.0pt
 -> C:/Windows/Fonts/timesbi.ttf
Requested font "Times New Roman/BI/BI/ICU" at 10.0pt
 -> C:/Windows/Fonts/timesbi.ttf
.................................................
. fontspec info: "defining-font"
. 
. Font family 'TimesNewRoman(0)' created for font 'Times New Roman' with
. options [Mapping=tex-text,].
. 
. This font family consists of the following shapes:
. 
. * 'normal' with NFSS spec.:
. <->"Times New Roman/ICU:script=latn;language=DFLT;mapping=tex-text;"
. 
. * 'bold' with NFSS spec.:
. <->"Times New Roman/B/ICU:script=latn;language=DFLT;mapping=tex-text;"
. 
. * 'italic' with NFSS spec.:
. <->"Times New Roman/I/ICU:script=latn;language=DFLT;mapping=tex-text;"
. 
. * 'bold italic' with NFSS spec.:
. <->"Times New Roman/BI/ICU:script=latn;language=DFLT;mapping=tex-text;"
.................................................
Requested font "Times New Roman/ICU:script=latn;language=DFLT;mapping=tex-text;
" at 10.0pt
 -> C:/Windows/Fonts/times.ttf
Requested font "Arial" at 10.0pt
 -> C:/Windows/Fonts/arial.ttf
Requested font "Arial/ICU" at 10.0pt
 -> C:/Windows/Fonts/arial.ttf
\g_fontspec_family_Arial_int=\count307
Requested font "Arial/B/ICU" at 10.0pt
 -> C:/Windows/Fonts/arialbd.ttf
Requested font "Arial/B/B/ICU" at 10.0pt
 -> C:/Windows/Fonts/arialbd.ttf
Requested font "Arial/I/ICU" at 10.0pt
 -> C:/Windows/Fonts/ariali.ttf
Requested font "Arial/I/I/ICU" at 10.0pt
 -> C:/Windows/Fonts/ariali.ttf
Requested font "Arial/BI/ICU" at 10.0pt
 -> C:/Windows/Fonts/arialbi.ttf
Requested font "Arial/BI/BI/ICU" at 10.0pt
 -> C:/Windows/Fonts/arialbi.ttf
.................................................
. fontspec info: "defining-font"
. 
. Font family 'Arial(0)' created for font 'Arial' with options
. [Mapping=tex-text,].
. 
. This font family consists of the following shapes:
. 
. * 'normal' with NFSS spec.:
. <->"Arial/ICU:script=latn;language=DFLT;mapping=tex-text;"
. 
. * 'bold' with NFSS spec.:
. <->"Arial/B/ICU:script=latn;language=DFLT;mapping=tex-text;"
. 
. * 'italic' with NFSS spec.:
. <->"Arial/I/ICU:script=latn;language=DFLT;mapping=tex-text;"
. 
. * 'bold italic' with NFSS spec.:
. <->"Arial/BI/ICU:script=latn;language=DFLT;mapping=tex-text;"
.................................................
Requested font "Courier New" at 10.0pt
 -> C:/Windows/Fonts/cour.ttf
Requested font "Courier New/ICU" at 10.0pt
 -> C:/Windows/Fonts/cour.ttf
\g_fontspec_family_Courier New_int=\count308
Requested font "Courier New/B/ICU" at 10.0pt
 -> C:/Windows/Fonts/courbd.ttf
Requested font "Courier New/B/B/ICU" at 10.0pt
 -> C:/Windows/Fonts/courbd.ttf
Requested font "Courier New/I/ICU" at 10.0pt
 -> C:/Windows/Fonts/couri.ttf
Requested font "Courier New/I/I/ICU" at 10.0pt
 -> C:/Windows/Fonts/couri.ttf
Requested font "Courier New/BI/ICU" at 10.0pt
 -> C:/Windows/Fonts/courbi.ttf
Requested font "Courier New/BI/BI/ICU" at 10.0pt
 -> C:/Windows/Fonts/courbi.ttf
.................................................
. fontspec info: "defining-font"
. 
. Font family 'CourierNew(0)' created for font 'Courier New' with options
. [Mapping=tex-text,].
. 
. This font family consists of the following shapes:
. 
. * 'normal' with NFSS spec.:
. <->"Courier New/ICU:script=latn;language=DFLT;mapping=tex-text;"
. 
. * 'bold' with NFSS spec.:
. <->"Courier New/B/ICU:script=latn;language=DFLT;mapping=tex-text;"
. 
. * 'italic' with NFSS spec.:
. <->"Courier New/I/ICU:script=latn;language=DFLT;mapping=tex-text;"
. 
. * 'bold italic' with NFSS spec.:
. <->"Courier New/BI/ICU:script=latn;language=DFLT;mapping=tex-text;"
.................................................
\thu@linespace=\skip81
\CJK@twochars=\skip82
\c@currproofctr=\count309
\c@endproofctr=\count310
\c@proof=\count311
\c@currassumptionctr=\count312
\c@endassumptionctr=\count313
\c@assumption=\count314
\c@currdefinitionctr=\count315
\c@enddefinitionctr=\count316
\c@definition=\count317
\c@currlemmactr=\count318
\c@endlemmactr=\count319
\c@lemma=\count320
\c@currtheoremctr=\count321
\c@endtheoremctr=\count322
\c@theorem=\count323
\c@curraxiomctr=\count324
\c@endaxiomctr=\count325
\c@axiom=\count326
\c@currcorollaryctr=\count327
\c@endcorollaryctr=\count328
\c@corollary=\count329
\c@currconjecturectr=\count330
\c@endconjecturectr=\count331
\c@conjecture=\count332
\c@currpropositionctr=\count333
\c@endpropositionctr=\count334
\c@proposition=\count335
\c@currexercisectr=\count336
\c@endexercisectr=\count337
\c@exercise=\count338
\c@currexamplectr=\count339
\c@endexamplectr=\count340
\c@example=\count341
\c@currproblemctr=\count342
\c@endproblemctr=\count343
\c@problem=\count344
\c@currremarkctr=\count345
\c@endremarkctr=\count346
\c@remark=\count347
\displaytitle=\toks44
)
(C:\Users\simon\Desktop\-nudtpaper_zxm\mynudt.sty
Package: mynudt 2009/08/20 by you

(C:\CTEX\MiKTeX\tex\latex\cases\cases.sty
Package: cases 2002/05/02 ver 2.5 
)
(C:\CTEX\MiKTeX\tex\latex\listings\listings.sty
\lst@mode=\count348
\lst@gtempboxa=\box48
\lst@token=\toks45
\lst@length=\count349
\lst@currlwidth=\dimen262
\lst@column=\count350
\lst@pos=\count351
\lst@lostspace=\dimen263
\lst@width=\dimen264
\lst@newlines=\count352
\lst@lineno=\count353
\lst@maxwidth=\dimen265

(C:\CTEX\MiKTeX\tex\latex\listings\lstmisc.sty
File: lstmisc.sty 2007/02/22 1.4 (Carsten Heinz)
\c@lstnumber=\count354
\lst@skipnumbers=\count355
\lst@framebox=\box49
)
(C:\CTEX\MiKTeX\tex\latex\listings\listings.cfg
File: listings.cfg 2007/02/22 1.4 listings configuration
))
Package: listings 2007/02/22 1.4 (Carsten Heinz)

(C:\CTEX\MiKTeX\tex\latex\fancyvrb\fancyvrb.sty
Package: fancyvrb 2008/02/07

Style option: `fancyvrb' v2.7a, with DG/SPQR fixes, and firstline=lastline fix 
<2008/02/07> (tvz)
\FV@CodeLineNo=\count356
\FV@InFile=\read1
\FV@TabBox=\box50
\c@FancyVerbLine=\count357
\FV@StepNumber=\count358
\FV@OutFile=\write3
) (C:\CTEX\MiKTeX\tex\latex\algorithms\algorithm.sty
Invalid UTF-8 byte or sequence at line 11 replaced by U+FFFD.
Package: algorithm 2009/08/24 v0.1 Document Style `algorithm' - floating enviro
nment
\@float@every@algorithm=\toks46
\c@algorithm=\count359
)
(C:\CTEX\MiKTeX\tex\latex\algorithms\algorithmic.sty
Invalid UTF-8 byte or sequence at line 11 replaced by U+FFFD.
Package: algorithmic 2009/08/24 v0.1 Document Style `algorithmic'
\c@ALC@unique=\count360
\c@ALC@line=\count361
\c@ALC@rem=\count362
\c@ALC@depth=\count363
\ALC@tlm=\skip83
\algorithmicindent=\skip84
)
(C:\CTEX\MiKTeX\tex\latex\dashrule\dashrule.sty
Package: dashrule 2009/08/09 v1.2 Dashed rules

(C:\CTEX\MiKTeX\tex\latex\ifmtarg\ifmtarg.sty
Package: ifmtarg 2009/09/02 v1.2a check for an empty argument
)
\c@hdr@segments=\count364
)
(C:\CTEX\MiKTeX\tex\latex\framed\framed.sty
Package: framed 2007/10/04 v 0.95: framed or shaded text with page breaks
\fb@frw=\dimen266
\fb@frh=\dimen267
\FrameRule=\dimen268
\FrameSep=\dimen269
)
(C:\CTEX\MiKTeX\tex\latex\nomencl\nomencl.sty
Package: nomencl 2005/09/22 v4.2 Nomenclature package (LN)
\nomlabelwidth=\dimen270
\nom@tempdim=\dimen271
\nomitemsep=\skip85
))
(C:\Users\simon\Desktop\-nudtpaper_zxm\thesis.aux

LaTeX Warning: Label `algDiveModel' multiply defined.

)
LaTeX Font Info:    Checking defaults for OML/txmi/m/it on input line 68.
LaTeX Font Info:    Try loading font information for OML+txmi on input line 68.

 (C:\CTEX\MiKTeX\tex\latex\txfonts\omltxmi.fd
File: omltxmi.fd 2000/12/15 v3.1
)
LaTeX Font Info:    ... okay on input line 68.
LaTeX Font Info:    Checking defaults for T1/cmr/m/n on input line 68.
LaTeX Font Info:    ... okay on input line 68.
LaTeX Font Info:    Checking defaults for OT1/cmr/m/n on input line 68.
LaTeX Font Info:    ... okay on input line 68.
LaTeX Font Info:    Checking defaults for OMS/txsy/m/n on input line 68.
LaTeX Font Info:    Try loading font information for OMS+txsy on input line 68.


(C:\CTEX\MiKTeX\tex\latex\txfonts\omstxsy.fd
File: omstxsy.fd 2000/12/15 v3.1
)
LaTeX Font Info:    ... okay on input line 68.
LaTeX Font Info:    Checking defaults for OMX/txex/m/n on input line 68.
LaTeX Font Info:    Try loading font information for OMX+txex on input line 68.


(C:\CTEX\MiKTeX\tex\latex\txfonts\omxtxex.fd
File: omxtxex.fd 2000/12/15 v3.1
)
LaTeX Font Info:    ... okay on input line 68.
LaTeX Font Info:    Checking defaults for U/txexa/m/n on input line 68.
LaTeX Font Info:    Try loading font information for U+txexa on input line 68.

(C:\CTEX\MiKTeX\tex\latex\txfonts\utxexa.fd
File: utxexa.fd 2000/12/15 v3.1
)
LaTeX Font Info:    ... okay on input line 68.
LaTeX Font Info:    Checking defaults for EU1/lmr/m/n on input line 68.
LaTeX Font Info:    ... okay on input line 68.
LaTeX Font Info:    Checking defaults for T3/cmr/m/n on input line 68.
LaTeX Font Info:    Try loading font information for T3+cmr on input line 68.

(C:\CTEX\MiKTeX\tex\latex\tipa\t3cmr.fd
File: t3cmr.fd 2001/12/31 TIPA font definitions
)
LaTeX Font Info:    ... okay on input line 68.
LaTeX Font Info:    Checking defaults for PD1/pdf/m/n on input line 68.
LaTeX Font Info:    ... okay on input line 68.
LaTeX Font Info:    Checking defaults for PU/pdf/m/n on input line 68.
LaTeX Font Info:    ... okay on input line 68.
Requested font "Times New Roman/ICU:script=latn;language=DFLT;mapping=tex-text;
" at 12.045pt
 -> C:/Windows/Fonts/times.ttf

*geometry* detected driver: pdftex
*geometry* verbose mode - [ preamble ] result:
* driver: pdftex
* paper: <default>
* layout: <same size as paper>
* layoutoffset:(h,v)=(0.0pt,0.0pt)
* modes: includehead includefoot twoside 
* h-part:(L,W,R)=(85.35826pt, 426.79135pt, 85.35826pt)
* v-part:(T,H,B)=(59.75078pt, 712.74155pt, 72.55452pt)
* \paperwidth=597.50787pt
* \paperheight=845.04684pt
* \textwidth=426.79135pt
* \textheight=658.68135pt
* \oddsidemargin=13.08827pt
* \evensidemargin=13.08827pt
* \topmargin=-12.51921pt
* \headheight=25.60747pt
* \headsep=2.84526pt
* \topskip=0.0pt
* \footskip=25.60747pt
* \marginparwidth=88.0pt
* \marginparsep=7.0pt
* \columnsep=10.0pt
* \skip\footins=10.8pt plus 4.0pt minus 2.0pt
* \hoffset=0.0pt
* \voffset=0.0pt
* \mag=1000
* \@twocolumnfalse
* \@twosidetrue
* \@mparswitchtrue
* \@reversemarginfalse
* (1in=72.27pt=25.4mm, 1cm=28.453pt)

Package caption Info: Begin \AtBeginDocument code.
Package caption Info: subfig package v1.3 is loaded.
Package caption Info: float package is loaded.
Package caption Info: hyperref package is loaded.
Package caption Info: listings package is loaded.
Package caption Info: longtable package is loaded.
(C:\CTEX\MiKTeX\tex\latex\caption\ltcaption.sty
Package: ltcaption 2011/09/12 v1.3 longtable captions (AR)
)
Package caption Info: End \AtBeginDocument code.
\AtBeginShipoutBox=\box51
Package hyperref Info: Link coloring ON on input line 68.

(C:\CTEX\MiKTeX\tex\latex\hyperref\nameref.sty
Package: nameref 2010/04/30 v2.40 Cross-referencing by name of section

(C:\CTEX\MiKTeX\tex\generic\oberdiek\gettitlestring.sty
Package: gettitlestring 2010/12/03 v1.4 Cleanup title references (HO)
)
\c@section@level=\count365
)
LaTeX Info: Redefining \ref on input line 68.
LaTeX Info: Redefining \pageref on input line 68.
LaTeX Info: Redefining \nameref on input line 68.

(C:\Users\simon\Desktop\-nudtpaper_zxm\thesis.out)
(C:\Users\simon\Desktop\-nudtpaper_zxm\thesis.out)
\@outlinefile=\write4
Requested font "Adobe Song Std" at 12.045pt
 -> C:/Windows/Fonts/AdobeSongStd-Light.otf
Requested font "Adobe Song Std/ICU" at 12.045pt
 -> C:/Windows/Fonts/AdobeSongStd-Light.otf
\g_fontspec_family_Adobe Song Std_int=\count366
Requested font "Adobe Song Std/ICU" at 12.045pt
 -> C:/Windows/Fonts/AdobeSongStd-Light.otf
Requested font "Adobe Song Std/ICU" at 12.045pt
 -> C:/Windows/Fonts/AdobeSongStd-Light.otf
Requested font "Adobe Song Std/B/ICU" at 12.045pt
 -> C:/Windows/Fonts/AdobeSongStd-Light.otf
.................................................
. fontspec info: "no-font-shape"
. 
. Could not resolve font Adobe Song Std/B (it probably doesn't exist).
.................................................
Requested font "Adobe Song Std/ICU" at 12.045pt
 -> C:/Windows/Fonts/AdobeSongStd-Light.otf
Requested font "Adobe Song Std/I/ICU" at 12.045pt
 -> C:/Windows/Fonts/AdobeSongStd-Light.otf
.................................................
. fontspec info: "no-font-shape"
. 
. Could not resolve font Adobe Song Std/I (it probably doesn't exist).
.................................................
Requested font "Adobe Song Std/ICU" at 12.045pt
 -> C:/Windows/Fonts/AdobeSongStd-Light.otf
Requested font "Adobe Song Std/BI/ICU" at 12.045pt
 -> C:/Windows/Fonts/AdobeSongStd-Light.otf
.................................................
. fontspec info: "no-font-shape"
. 
. Could not resolve font Adobe Song Std/BI (it probably doesn't exist).
.................................................
.................................................
. fontspec info: "defining-font"
. 
. Font family 'AdobeSongStd(0)' created for font 'Adobe Song Std' with options
. [Mapping=tex-text,].
. 
. This font family consists of the following shapes:
. 
. * 'normal' with NFSS spec.:
. <->"Adobe Song Std/ICU:script=latn;language=DFLT;mapping=tex-text;"
.................................................
Requested font "Adobe Song Std/ICU:script=latn;language=DFLT;mapping=tex-text;"
 at 12.045pt
 -> C:/Windows/Fonts/AdobeSongStd-Light.otf
Requested font "Adobe Song Std/ICU:script=latn;language=DFLT;mapping=tex-text;"
 at 12.045pt
 -> C:/Windows/Fonts/AdobeSongStd-Light.otf
\c@lstlisting=\count367
Requested font "Times New Roman/ICU:script=latn;language=DFLT;mapping=tex-text;
" at 10.53937pt
 -> C:/Windows/Fonts/times.ttf
LaTeX Font Info:    Calculating math sizes for size <10.53937> on input line 75
.
LaTeX Font Info:    Try loading font information for OT1+txr on input line 75.

(C:\CTEX\MiKTeX\tex\latex\txfonts\ot1txr.fd
File: ot1txr.fd 2000/12/15 v3.1
)
Requested font "txr" at 10.53937pt
 -> txr
Requested font "txr" at 7.37752pt
 -> txr
Requested font "txr" at 5.26968pt
 -> txr
Requested font "txmi" at 10.53937pt
 -> txmi
Requested font "txmi" at 7.37752pt
 -> txmi
Requested font "txmi" at 5.26968pt
 -> txmi
Requested font "txsy" at 10.53937pt
 -> txsy
Requested font "txsy" at 7.37752pt
 -> txsy
Requested font "txsy" at 5.26968pt
 -> txsy
Requested font "txex" at 10.53937pt
 -> txex
Requested font "txex" at 7.37752pt
 -> txex
Requested font "txex" at 5.26968pt
 -> txex
LaTeX Font Info:    Try loading font information for U+txsya on input line 75.

(C:\CTEX\MiKTeX\tex\latex\txfonts\utxsya.fd
File: utxsya.fd 2000/12/15 v3.1
)
Requested font "txsya" at 10.53937pt
 -> txsya
Requested font "txsya" at 7.37752pt
 -> txsya
Requested font "txsya" at 5.26968pt
 -> txsya
LaTeX Font Info:    Try loading font information for U+txsyb on input line 75.

(C:\CTEX\MiKTeX\tex\latex\txfonts\utxsyb.fd
File: utxsyb.fd 2000/12/15 v3.1
)
Requested font "txsyb" at 10.53937pt
 -> txsyb
Requested font "txsyb" at 7.37752pt
 -> txsyb
Requested font "txsyb" at 5.26968pt
 -> txsyb
Requested font "txi" at 10.53937pt
 -> txi
Requested font "txi" at 7.37752pt
 -> txi
Requested font "txi" at 5.26968pt
 -> txi
LaTeX Font Info:    Try loading font information for U+txmia on input line 75.

(C:\CTEX\MiKTeX\tex\latex\txfonts\utxmia.fd
File: utxmia.fd 2000/12/15 v3.1
)
Requested font "txmia" at 10.53937pt
 -> txmia
Requested font "txmia" at 7.37752pt
 -> txmia
Requested font "txmia" at 5.26968pt
 -> txmia
LaTeX Font Info:    Try loading font information for U+txsyc on input line 75.

(C:\CTEX\MiKTeX\tex\latex\txfonts\utxsyc.fd
File: utxsyc.fd 2000/12/15 v3.1
)
Requested font "txsyc" at 10.53937pt
 -> txsyc
Requested font "txsyc" at 7.37752pt
 -> txsyc
Requested font "txsyc" at 5.26968pt
 -> txsyc
Requested font "txexa" at 10.53937pt
 -> txexa
Requested font "txexa" at 7.37752pt
 -> txexa
Requested font "txexa" at 5.26968pt
 -> txexa
LaTeX Font Info:    Font shape `U/fsy/m/n' will be
(Font)              scaled to size 9.48535pt on input line 75.
Requested font "psyr" at 9.48535pt
 -> psyr
LaTeX Font Info:    Font shape `U/fsy/m/n' will be
(Font)              scaled to size 6.63971pt on input line 75.
Requested font "psyr" at 6.63971pt
 -> psyr
LaTeX Font Info:    Font shape `U/fsy/m/n' will be
(Font)              scaled to size 4.74268pt on input line 75.
Requested font "psyr" at 4.74268pt
 -> psyr
Requested font "txb" at 10.53937pt
 -> txb
Requested font "txb" at 7.37752pt
 -> txb
Requested font "txb" at 5.26968pt
 -> txb
Requested font "txbmi" at 10.53937pt
 -> txbmi
Requested font "txbmi" at 7.37752pt
 -> txbmi
Requested font "txbmi" at 5.26968pt
 -> txbmi
Requested font "txbsy" at 10.53937pt
 -> txbsy
Requested font "txbsy" at 7.37752pt
 -> txbsy
Requested font "txbsy" at 5.26968pt
 -> txbsy
Requested font "txbex" at 10.53937pt
 -> txbex
Requested font "txbex" at 7.37752pt
 -> txbex
Requested font "txbex" at 5.26968pt
 -> txbex
Requested font "Adobe Fangsong Std" at 10.53937pt
 -> C:/Windows/Fonts/AdobeFangsongStd-Regular (v5.010).otf
Requested font "Adobe Fangsong Std/ICU" at 10.53937pt
 -> C:/Windows/Fonts/AdobeFangsongStd-Regular (v5.010).otf
\g_fontspec_family_Adobe Fangsong Std_int=\count368
Requested font "Adobe Fangsong Std/ICU" at 10.53937pt
 -> C:/Windows/Fonts/AdobeFangsongStd-Regular (v5.010).otf
Requested font "Adobe Fangsong Std/ICU" at 10.53937pt
 -> C:/Windows/Fonts/AdobeFangsongStd-Regular (v5.010).otf
Requested font "Adobe Fangsong Std/B/ICU" at 10.53937pt
 -> C:/Windows/Fonts/AdobeFangsongStd-Regular (v5.010).otf
.................................................
. fontspec info: "no-font-shape"
. 
. Could not resolve font Adobe Fangsong Std/B (it probably doesn't exist).
.................................................
Requested font "Adobe Fangsong Std/ICU" at 10.53937pt
 -> C:/Windows/Fonts/AdobeFangsongStd-Regular (v5.010).otf
Requested font "Adobe Fangsong Std/I/ICU" at 10.53937pt
 -> C:/Windows/Fonts/AdobeFangsongStd-Regular (v5.010).otf
.................................................
. fontspec info: "no-font-shape"
. 
. Could not resolve font Adobe Fangsong Std/I (it probably doesn't exist).
.................................................
Requested font "Adobe Fangsong Std/ICU" at 10.53937pt
 -> C:/Windows/Fonts/AdobeFangsongStd-Regular (v5.010).otf
Requested font "Adobe Fangsong Std/BI/ICU" at 10.53937pt
 -> C:/Windows/Fonts/AdobeFangsongStd-Regular (v5.010).otf
.................................................
. fontspec info: "no-font-shape"
. 
. Could not resolve font Adobe Fangsong Std/BI (it probably doesn't exist).
.................................................
.................................................
. fontspec info: "defining-font"
. 
. Font family 'AdobeFangsongStd(0)' created for font 'Adobe Fangsong Std' with
. options [Mapping=tex-text,].
. 
. This font family consists of the following shapes:
. 
. * 'normal' with NFSS spec.:
. <->"Adobe Fangsong Std/ICU:script=latn;language=DFLT;mapping=tex-text;"
.................................................
Requested font "Adobe Fangsong Std/ICU:script=latn;language=DFLT;mapping=tex-te
xt;" at 10.53937pt
 -> C:/Windows/Fonts/AdobeFangsongStd-Regular (v5.010).otf
Requested font "Adobe Fangsong Std/ICU:script=latn;language=DFLT;mapping=tex-te
xt;" at 10.53937pt
 -> C:/Windows/Fonts/AdobeFangsongStd-Regular (v5.010).otf
Requested font "Times New Roman/ICU:script=latn;language=DFLT;mapping=tex-text;
" at 16.06pt
 -> C:/Windows/Fonts/times.ttf
Requested font "Adobe Heiti Std" at 16.06pt
 -> C:/Windows/Fonts/AdobeHeitiStd-Regular.otf
Requested font "Adobe Heiti Std/ICU" at 16.06pt
 -> C:/Windows/Fonts/AdobeHeitiStd-Regular.otf
\g_fontspec_family_Adobe Heiti Std_int=\count369
Requested font "Adobe Heiti Std/ICU" at 16.06pt
 -> C:/Windows/Fonts/AdobeHeitiStd-Regular.otf
Requested font "Adobe Heiti Std/ICU" at 16.06pt
 -> C:/Windows/Fonts/AdobeHeitiStd-Regular.otf
Requested font "Adobe Heiti Std/B/ICU" at 16.06pt
 -> C:/Windows/Fonts/AdobeHeitiStd-Regular.otf
.................................................
. fontspec info: "no-font-shape"
. 
. Could not resolve font Adobe Heiti Std/B (it probably doesn't exist).
.................................................
Requested font "Adobe Heiti Std/ICU" at 16.06pt
 -> C:/Windows/Fonts/AdobeHeitiStd-Regular.otf
Requested font "Adobe Heiti Std/I/ICU" at 16.06pt
 -> C:/Windows/Fonts/AdobeHeitiStd-Regular.otf
.................................................
. fontspec info: "no-font-shape"
. 
. Could not resolve font Adobe Heiti Std/I (it probably doesn't exist).
.................................................
Requested font "Adobe Heiti Std/ICU" at 16.06pt
 -> C:/Windows/Fonts/AdobeHeitiStd-Regular.otf
Requested font "Adobe Heiti Std/BI/ICU" at 16.06pt
 -> C:/Windows/Fonts/AdobeHeitiStd-Regular.otf
.................................................
. fontspec info: "no-font-shape"
. 
. Could not resolve font Adobe Heiti Std/BI (it probably doesn't exist).
.................................................
.................................................
. fontspec info: "defining-font"
. 
. Font family 'AdobeHeitiStd(0)' created for font 'Adobe Heiti Std' with
. options [Mapping=tex-text,].
. 
. This font family consists of the following shapes:
. 
. * 'normal' with NFSS spec.:
. <->"Adobe Heiti Std/ICU:script=latn;language=DFLT;mapping=tex-text;"
.................................................
Requested font "Adobe Heiti Std/ICU:script=latn;language=DFLT;mapping=tex-text;
" at 16.06pt
 -> C:/Windows/Fonts/AdobeHeitiStd-Regular.otf
Requested font "Adobe Heiti Std/ICU:script=latn;language=DFLT;mapping=tex-text;
" at 16.06pt
 -> C:/Windows/Fonts/AdobeHeitiStd-Regular.otf
Requested font "Times New Roman/B/ICU:script=latn;language=DFLT;mapping=tex-tex
t;" at 12.045pt
 -> C:/Windows/Fonts/timesbd.ttf
Requested font "Times New Roman/B/ICU:script=latn;language=DFLT;mapping=tex-tex
t;" at 22.08249pt
 -> C:/Windows/Fonts/timesbd.ttf
Requested font "Adobe Song Std" at 22.08249pt
 -> C:/Windows/Fonts/AdobeSongStd-Light.otf
Requested font "Adobe Song Std/ICU" at 22.08249pt
 -> C:/Windows/Fonts/AdobeSongStd-Light.otf
.................................................
. fontspec info: "defining-font"
. 
. Font family 'AdobeSongStd(0)' created for font 'Adobe Song Std' with options
. [Mapping=tex-text,].
. 
. This font family consists of the following shapes:
.................................................


LaTeX Font Warning: Font shape `EU1/AdobeSongStd(0)/bx/n' undefined
(Font)              using `EU1/AdobeSongStd(0)/m/n' instead on input line 75.

Requested font "Adobe Song Std/ICU:script=latn;language=DFLT;mapping=tex-text;"
 at 22.08249pt
 -> C:/Windows/Fonts/AdobeSongStd-Light.otf
Requested font "Adobe Song Std/ICU:script=latn;language=DFLT;mapping=tex-text;"
 at 22.08249pt
 -> C:/Windows/Fonts/AdobeSongStd-Light.otf
Requested font "Times New Roman/ICU:script=latn;language=DFLT;mapping=tex-text;
" at 14.05249pt
 -> C:/Windows/Fonts/times.ttf
LaTeX Font Info:    Calculating math sizes for size <14.05249> on input line 75
.
Requested font "txr" at 14.05249pt
 -> txr
Requested font "txr" at 9.83669pt
 -> txr
Requested font "txr" at 7.02625pt
 -> txr
Requested font "txmi" at 14.05249pt
 -> txmi
Requested font "txmi" at 9.83669pt
 -> txmi
Requested font "txmi" at 7.02625pt
 -> txmi
Requested font "txsy" at 14.05249pt
 -> txsy
Requested font "txsy" at 9.83669pt
 -> txsy
Requested font "txsy" at 7.02625pt
 -> txsy
Requested font "txex" at 14.05249pt
 -> txex
Requested font "txex" at 9.83669pt
 -> txex
Requested font "txex" at 7.02625pt
 -> txex
Requested font "txsya" at 14.05249pt
 -> txsya
Requested font "txsya" at 9.83669pt
 -> txsya
Requested font "txsya" at 7.02625pt
 -> txsya
Requested font "txsyb" at 14.05249pt
 -> txsyb
Requested font "txsyb" at 9.83669pt
 -> txsyb
Requested font "txsyb" at 7.02625pt
 -> txsyb
Requested font "txi" at 14.05249pt
 -> txi
Requested font "txi" at 9.83669pt
 -> txi
Requested font "txi" at 7.02625pt
 -> txi
Requested font "txmia" at 14.05249pt
 -> txmia
Requested font "txmia" at 9.83669pt
 -> txmia
Requested font "txmia" at 7.02625pt
 -> txmia
Requested font "txsyc" at 14.05249pt
 -> txsyc
Requested font "txsyc" at 9.83669pt
 -> txsyc
Requested font "txsyc" at 7.02625pt
 -> txsyc
Requested font "txexa" at 14.05249pt
 -> txexa
Requested font "txexa" at 9.83669pt
 -> txexa
Requested font "txexa" at 7.02625pt
 -> txexa
LaTeX Font Info:    Font shape `U/fsy/m/n' will be
(Font)              scaled to size 12.64714pt on input line 75.
Requested font "psyr" at 12.64714pt
 -> psyr
LaTeX Font Info:    Font shape `U/fsy/m/n' will be
(Font)              scaled to size 8.85295pt on input line 75.
Requested font "psyr" at 8.85295pt
 -> psyr
LaTeX Font Info:    Font shape `U/fsy/m/n' will be
(Font)              scaled to size 6.32356pt on input line 75.
Requested font "psyr" at 6.32356pt
 -> psyr
Requested font "txb" at 14.05249pt
 -> txb
Requested font "txb" at 9.83669pt
 -> txb
Requested font "txb" at 7.02625pt
 -> txb
Requested font "txbmi" at 14.05249pt
 -> txbmi
Requested font "txbmi" at 9.83669pt
 -> txbmi
Requested font "txbmi" at 7.02625pt
 -> txbmi
Requested font "txbsy" at 14.05249pt
 -> txbsy
Requested font "txbsy" at 9.83669pt
 -> txbsy
Requested font "txbsy" at 7.02625pt
 -> txbsy
Requested font "txbex" at 14.05249pt
 -> txbex
Requested font "txbex" at 9.83669pt
 -> txbex
Requested font "txbex" at 7.02625pt
 -> txbex
Requested font "Adobe Heiti Std" at 14.05249pt
 -> C:/Windows/Fonts/AdobeHeitiStd-Regular.otf
Requested font "Adobe Heiti Std/ICU" at 14.05249pt
 -> C:/Windows/Fonts/AdobeHeitiStd-Regular.otf
.................................................
. fontspec info: "defining-font"
. 
. Font family 'AdobeHeitiStd(0)' created for font 'Adobe Heiti Std' with
. options [Mapping=tex-text,].
. 
. This font family consists of the following shapes:
.................................................
Requested font "Adobe Heiti Std/ICU:script=latn;language=DFLT;mapping=tex-text;
" at 14.05249pt
 -> C:/Windows/Fonts/AdobeHeitiStd-Regular.otf
Requested font "Adobe Heiti Std/ICU:script=latn;language=DFLT;mapping=tex-text;
" at 14.05249pt
 -> C:/Windows/Fonts/AdobeHeitiStd-Regular.otf
Requested font "Adobe Fangsong Std" at 14.05249pt
 -> C:/Windows/Fonts/AdobeFangsongStd-Regular (v5.010).otf
Requested font "Adobe Fangsong Std/ICU" at 14.05249pt
 -> C:/Windows/Fonts/AdobeFangsongStd-Regular (v5.010).otf
.................................................
. fontspec info: "defining-font"
. 
. Font family 'AdobeFangsongStd(0)' created for font 'Adobe Fangsong Std' with
. options [Mapping=tex-text,].
. 
. This font family consists of the following shapes:
.................................................
Requested font "Adobe Fangsong Std/ICU:script=latn;language=DFLT;mapping=tex-te
xt;" at 14.05249pt
 -> C:/Windows/Fonts/AdobeFangsongStd-Regular (v5.010).otf
Requested font "Adobe Fangsong Std/ICU:script=latn;language=DFLT;mapping=tex-te
xt;" at 14.05249pt
 -> C:/Windows/Fonts/AdobeFangsongStd-Regular (v5.010).otf
Requested font "Times New Roman/B/ICU:script=latn;language=DFLT;mapping=tex-tex
t;" at 16.06pt
 -> C:/Windows/Fonts/timesbd.ttf
Requested font "Adobe Song Std" at 16.06pt
 -> C:/Windows/Fonts/AdobeSongStd-Light.otf
Requested font "Adobe Song Std/ICU" at 16.06pt
 -> C:/Windows/Fonts/AdobeSongStd-Light.otf
.................................................
. fontspec info: "defining-font"
. 
. Font family 'AdobeSongStd(0)' created for font 'Adobe Song Std' with options
. [Mapping=tex-text,].
. 
. This font family consists of the following shapes:
.................................................
Requested font "Adobe Song Std/ICU:script=latn;language=DFLT;mapping=tex-text;"
 at 16.06pt
 -> C:/Windows/Fonts/AdobeSongStd-Light.otf
Requested font "Adobe Song Std/ICU:script=latn;language=DFLT;mapping=tex-text;"
 at 16.06pt
 -> C:/Windows/Fonts/AdobeSongStd-Light.otf
(C:\CTEX\MiKTeX\tex\generic\oberdiek\se-ascii-print.def
File: se-ascii-print.def 2010/03/01 v1.8 stringenc: Printable ASCII characters
) [1

]
LaTeX Font Info:    Calculating math sizes for size <16.06> on input line 75.
Requested font "txr" at 16.06pt
 -> txr
Requested font "txr" at 11.24194pt
 -> txr
Requested font "txr" at 8.03pt
 -> txr
Requested font "txmi" at 16.06pt
 -> txmi
Requested font "txmi" at 11.24194pt
 -> txmi
Requested font "txmi" at 8.03pt
 -> txmi
Requested font "txsy" at 16.06pt
 -> txsy
Requested font "txsy" at 11.24194pt
 -> txsy
Requested font "txsy" at 8.03pt
 -> txsy
Requested font "txex" at 16.06pt
 -> txex
Requested font "txex" at 11.24194pt
 -> txex
Requested font "txex" at 8.03pt
 -> txex
Requested font "txsya" at 16.06pt
 -> txsya
Requested font "txsya" at 11.24194pt
 -> txsya
Requested font "txsya" at 8.03pt
 -> txsya
Requested font "txsyb" at 16.06pt
 -> txsyb
Requested font "txsyb" at 11.24194pt
 -> txsyb
Requested font "txsyb" at 8.03pt
 -> txsyb
Requested font "txi" at 16.06pt
 -> txi
Requested font "txi" at 11.24194pt
 -> txi
Requested font "txi" at 8.03pt
 -> txi
Requested font "txmia" at 16.06pt
 -> txmia
Requested font "txmia" at 11.24194pt
 -> txmia
Requested font "txmia" at 8.03pt
 -> txmia
Requested font "txsyc" at 16.06pt
 -> txsyc
Requested font "txsyc" at 11.24194pt
 -> txsyc
Requested font "txsyc" at 8.03pt
 -> txsyc
Requested font "txexa" at 16.06pt
 -> txexa
Requested font "txexa" at 11.24194pt
 -> txexa
Requested font "txexa" at 8.03pt
 -> txexa
LaTeX Font Info:    Font shape `U/fsy/m/n' will be
(Font)              scaled to size 14.45389pt on input line 75.
Requested font "psyr" at 14.45389pt
 -> psyr
LaTeX Font Info:    Font shape `U/fsy/m/n' will be
(Font)              scaled to size 10.11768pt on input line 75.
Requested font "psyr" at 10.11768pt
 -> psyr
LaTeX Font Info:    Font shape `U/fsy/m/n' will be
(Font)              scaled to size 7.22694pt on input line 75.
Requested font "psyr" at 7.22694pt
 -> psyr
Requested font "txb" at 16.06pt
 -> txb
Requested font "txb" at 11.24194pt
 -> txb
Requested font "txb" at 8.03pt
 -> txb
Requested font "txbmi" at 16.06pt
 -> txbmi
Requested font "txbmi" at 11.24194pt
 -> txbmi
Requested font "txbmi" at 8.03pt
 -> txbmi
Requested font "txbsy" at 16.06pt
 -> txbsy
Requested font "txbsy" at 11.24194pt
 -> txbsy
Requested font "txbsy" at 8.03pt
 -> txbsy
Requested font "txbex" at 16.06pt
 -> txbex
Requested font "txbex" at 11.24194pt
 -> txbex
Requested font "txbex" at 8.03pt
 -> txbex
Requested font "Arial/B/ICU:script=latn;language=DFLT;mapping=tex-text;" at 16.
06pt
 -> C:/Windows/Fonts/arialbd.ttf
 [2

]
File: figures/chengxin.jpg Graphic file (type QTm)

<use  "figures/chengxin.jpg" >
Overfull \hbox (6.2076pt too wide) in paragraph at lines 75--75
 [][] 
 []


LaTeX Warning: Float too large for page by 9.11081pt on input line 75.

[3]
Requested font "Arial/ICU:script=latn;language=DFLT;mapping=tex-text;" at 12.04
5pt
 -> C:/Windows/Fonts/arial.ttf
Requested font "Arial/ICU:script=latn;language=DFLT;mapping=tex-text;" at 16.06
pt
 -> C:/Windows/Fonts/arial.ttf
 (C:\Users\simon\Desktop\-nudtpaper_zxm\thesis.toc
Requested font "Adobe Heiti Std" at 12.045pt
 -> C:/Windows/Fonts/AdobeHeitiStd-Regular.otf
Requested font "Adobe Heiti Std/ICU" at 12.045pt
 -> C:/Windows/Fonts/AdobeHeitiStd-Regular.otf
.................................................
. fontspec info: "defining-font"
. 
. Font family 'AdobeHeitiStd(0)' created for font 'Adobe Heiti Std' with
. options [Mapping=tex-text,].
. 
. This font family consists of the following shapes:
.................................................
Requested font "Adobe Heiti Std/ICU:script=latn;language=DFLT;mapping=tex-text;
" at 12.045pt
 -> C:/Windows/Fonts/AdobeHeitiStd-Regular.otf
Requested font "Adobe Heiti Std/ICU:script=latn;language=DFLT;mapping=tex-text;
" at 12.045pt
 -> C:/Windows/Fonts/AdobeHeitiStd-Regular.otf
Requested font "Adobe Song Std" at 12.045pt
 -> C:/Windows/Fonts/AdobeSongStd-Light.otf
Requested font "Adobe Song Std/ICU" at 12.045pt
 -> C:/Windows/Fonts/AdobeSongStd-Light.otf
.................................................
. fontspec info: "defining-font"
. 
. Font family 'AdobeSongStd(0)' created for font 'Adobe Song Std' with options
. [Mapping=tex-text,].
. 
. This font family consists of the following shapes:
.................................................
Requested font "Adobe Song Std/ICU:script=latn;language=DFLT;mapping=tex-text;"
 at 12.045pt
 -> C:/Windows/Fonts/AdobeSongStd-Light.otf
Requested font "Adobe Song Std" at 10.53937pt
 -> C:/Windows/Fonts/AdobeSongStd-Light.otf
Requested font "Adobe Song Std/ICU" at 10.53937pt
 -> C:/Windows/Fonts/AdobeSongStd-Light.otf
.................................................
. fontspec info: "defining-font"
. 
. Font family 'AdobeSongStd(0)' created for font 'Adobe Song Std' with options
. [Mapping=tex-text,].
. 
. This font family consists of the following shapes:
.................................................
Requested font "Adobe Song Std/ICU:script=latn;language=DFLT;mapping=tex-text;"
 at 10.53937pt
 -> C:/Windows/Fonts/AdobeSongStd-Light.otf
Requested font "Adobe Song Std/ICU:script=latn;language=DFLT;mapping=tex-text;"
 at 10.53937pt
 -> C:/Windows/Fonts/AdobeSongStd-Light.otf
 [1




])
\tf@toc=\write5
 [2]
(C:\Users\simon\Desktop\-nudtpaper_zxm\thesis.lot)
\tf@lot=\write6
 [3

]
(C:\Users\simon\Desktop\-nudtpaper_zxm\thesis.lof [4

])
\tf@lof=\write7
 [5]
(C:\Users\simon\Desktop\-nudtpaper_zxm\data/abstract.tex
Underfull \vbox (badness 10000) has occurred while \output is active []

 [1



]
[2]
Underfull \vbox (badness 10000) has occurred while \output is active []

 [3


])
[4] (C:\Users\simon\Desktop\-nudtpaper_zxm\data/chap01.tex
LaTeX Font Info:    Calculating math sizes for size <12.045> on input line 3.
Requested font "txr" at 12.045pt
 -> txr
Requested font "txr" at 8.43146pt
 -> txr
Requested font "txr" at 6.02249pt
 -> txr
Requested font "txmi" at 12.045pt
 -> txmi
Requested font "txmi" at 8.43146pt
 -> txmi
Requested font "txmi" at 6.02249pt
 -> txmi
Requested font "txsy" at 12.045pt
 -> txsy
Requested font "txsy" at 8.43146pt
 -> txsy
Requested font "txsy" at 6.02249pt
 -> txsy
Requested font "txex" at 12.045pt
 -> txex
Requested font "txex" at 8.43146pt
 -> txex
Requested font "txex" at 6.02249pt
 -> txex
Requested font "txsya" at 12.045pt
 -> txsya
Requested font "txsya" at 8.43146pt
 -> txsya
Requested font "txsya" at 6.02249pt
 -> txsya
Requested font "txsyb" at 12.045pt
 -> txsyb
Requested font "txsyb" at 8.43146pt
 -> txsyb
Requested font "txsyb" at 6.02249pt
 -> txsyb
Requested font "txi" at 12.045pt
 -> txi
Requested font "txi" at 8.43146pt
 -> txi
Requested font "txi" at 6.02249pt
 -> txi
Requested font "txmia" at 12.045pt
 -> txmia
Requested font "txmia" at 8.43146pt
 -> txmia
Requested font "txmia" at 6.02249pt
 -> txmia
Requested font "txsyc" at 12.045pt
 -> txsyc
Requested font "txsyc" at 8.43146pt
 -> txsyc
Requested font "txsyc" at 6.02249pt
 -> txsyc
Requested font "txexa" at 12.045pt
 -> txexa
Requested font "txexa" at 8.43146pt
 -> txexa
Requested font "txexa" at 6.02249pt
 -> txexa
LaTeX Font Info:    Font shape `U/fsy/m/n' will be
(Font)              scaled to size 10.84042pt on input line 3.
Requested font "psyr" at 10.84042pt
 -> psyr
LaTeX Font Info:    Font shape `U/fsy/m/n' will be
(Font)              scaled to size 7.58826pt on input line 3.
Requested font "psyr" at 7.58826pt
 -> psyr
LaTeX Font Info:    Font shape `U/fsy/m/n' will be
(Font)              scaled to size 5.4202pt on input line 3.
Requested font "psyr" at 5.4202pt
 -> psyr
Requested font "txb" at 12.045pt
 -> txb
Requested font "txb" at 8.43146pt
 -> txb
Requested font "txb" at 6.02249pt
 -> txb
Requested font "txbmi" at 12.045pt
 -> txbmi
Requested font "txbmi" at 8.43146pt
 -> txbmi
Requested font "txbmi" at 6.02249pt
 -> txbmi
Requested font "txbsy" at 12.045pt
 -> txbsy
Requested font "txbsy" at 8.43146pt
 -> txbsy
Requested font "txbsy" at 6.02249pt
 -> txbsy
Requested font "txbex" at 12.045pt
 -> txbex
Requested font "txbex" at 8.43146pt
 -> txbex
Requested font "txbex" at 6.02249pt
 -> txbex
Requested font "Times New Roman/ICU:script=latn;language=DFLT;mapping=tex-text;
" at 8.43146pt
 -> C:/Windows/Fonts/times.ttf
Requested font "Times New Roman/B/ICU:script=latn;language=DFLT;mapping=tex-tex
t;" at 14.05249pt
 -> C:/Windows/Fonts/timesbd.ttf
Requested font "Adobe Song Std" at 14.05249pt
 -> C:/Windows/Fonts/AdobeSongStd-Light.otf
Requested font "Adobe Song Std/ICU" at 14.05249pt
 -> C:/Windows/Fonts/AdobeSongStd-Light.otf
.................................................
. fontspec info: "defining-font"
. 
. Font family 'AdobeSongStd(0)' created for font 'Adobe Song Std' with options
. [Mapping=tex-text,].
. 
. This font family consists of the following shapes:
.................................................
Requested font "Adobe Song Std/ICU:script=latn;language=DFLT;mapping=tex-text;"
 at 14.05249pt
 -> C:/Windows/Fonts/AdobeSongStd-Light.otf
Requested font "Adobe Song Std/ICU:script=latn;language=DFLT;mapping=tex-text;"
 at 14.05249pt
 -> C:/Windows/Fonts/AdobeSongStd-Light.otf
File: figures/retrivelfw.png Graphic file (type QTm)

<use  "figures/retrivelfw.png" >
Requested font "Adobe Song Std" at 10.53937pt
 -> C:/Windows/Fonts/AdobeSongStd-Light.otf
Requested font "Adobe Song Std/ICU" at 10.53937pt
 -> C:/Windows/Fonts/AdobeSongStd-Light.otf
.................................................
. fontspec info: "defining-font"
. 
. Font family 'AdobeSongStd(0)' created for font 'Adobe Song Std' with options
. [Mapping=tex-text,].
. 
. This font family consists of the following shapes:
.................................................
Requested font "Adobe Song Std/ICU:script=latn;language=DFLT;mapping=tex-text;"
 at 10.53937pt
 -> C:/Windows/Fonts/AdobeSongStd-Light.otf
 [1



]
Requested font "Adobe Song Std" at 12.045pt
 -> C:/Windows/Fonts/AdobeSongStd-Light.otf
Requested font "Adobe Song Std/ICU" at 12.045pt
 -> C:/Windows/Fonts/AdobeSongStd-Light.otf
.................................................
. fontspec info: "defining-font"
. 
. Font family 'AdobeSongStd(0)' created for font 'Adobe Song Std' with options
. [Mapping=tex-text,].
. 
. This font family consists of the following shapes:
.................................................
Requested font "Adobe Song Std/ICU:script=latn;language=DFLT;mapping=tex-text;"
 at 12.045pt
 -> C:/Windows/Fonts/AdobeSongStd-Light.otf
Requested font "Adobe Song Std/ICU:script=latn;language=DFLT;mapping=tex-text;"
 at 12.045pt
 -> C:/Windows/Fonts/AdobeSongStd-Light.otf

Underfull \vbox (badness 10000) has occurred while \output is active []

 [2]
[3] [4] [5]
Overfull \hbox (5.44691pt too wide) in paragraph at lines 58--59
[]$\OML/txmi/m/it/12.045 l[]$ \xeCJK@rm/bx/n/12.045    |  
 \EU1/TimesNewRoman(0)/m/n/12.045 d \xeCJK@rm/bx/n/12.045      $
\OML/txmi/m/it/12.045 R[]$ \xeCJK@rm/bx/n/12.045        \E
U1/TimesNewRoman(0)/m/n/12.045 x=($\OML/txmi/m/it/12.045 x[]$\EU1/TimesNewRoman
(0)/m/n/12.045 ,...,$\OML/txmi/m/it/12.045 x[]$\EU1/TimesNewRoman(0)/m/n/12.045
 ) \xeCJK@rm/bx/n/12.045  \EU1/TimesNewRoman(0)/m/n/12.045 y=($\OML/txmi/m/i
t/12.045 y[]$\EU1/TimesNewRoman(0)/m/n/12.045 ,...,$\OML/txmi/m/it/12.045 y[]$\
EU1/TimesNewRoman(0)/m/n/12.045 )\xeCJK@rm/bx/n/12.045 |
 []


Underfull \vbox (badness 1603) has occurred while \output is active []

 [6]
[7]
File: figures/sparkfw.png Graphic file (type QTm)
 <use  "figures/sparkfw.png" >
Underfull \vbox (badness 10000) has occurred while \output is active []

 [8]
File: figures/hdfsfw.jpg Graphic file (type QTm)

<use  "figures/hdfsfw.jpg" > [9]
File: figures/workfw.png Graphic file (type QTm)
 <use  "figures/workfw.png" >
Underfull \vbox (badness 10000) has occurred while \output is active []

 [10]
File: figures/paperfw.png Graphic file (type QTm)

<use  "figures/paperfw.png" >
Underfull \vbox (badness 10000) has occurred while \output is active []

 [11]
Underfull \vbox (badness 10000) has occurred while \output is active []

 [12])
(C:\Users\simon\Desktop\-nudtpaper_zxm\data/chap02.tex [13] [14


]
File: figures/gausspy.jpg Graphic file (type QTm)

<use  "figures/gausspy.jpg" >
Underfull \vbox (badness 1552) has occurred while \output is active []

 [15]
File: figures/gaussDog.jpg Graphic file (type QTm)

<use  "figures/gaussDog.jpg" >
File: figures/py_dog.jpg Graphic file (type QTm)
 <use  "figures/py_dog.jpg" >
Underfull \vbox (badness 10000) has occurred while \output is active []

 [16]
File: figures/pole_detect.jpg Graphic file (type QTm)

<use  "figures/pole_detect.jpg" >
File: figures/keypoint_detect.jpg Graphic file (type QTm)
 <use  "figures/keypoint_detect.jpg" >
Underfull \vbox (badness 10000) has occurred while \output is active []

 [17]
File: figures/direct_histogram.jpg Graphic file (type QTm)

<use  "figures/direct_histogram.jpg" >
Underfull \vbox (badness 10000) has occurred while \output is active []

 [18]
[19]
File: figures/blockmanager.png Graphic file (type QTm)
 <use  "figures/blockmanager.png" >

LaTeX Warning: `h' float specifier changed to `ht'.


Overfull \hbox (1.95311pt too wide) in paragraph at lines 184--184
[]|\EU1/TimesNewRoman(0)/m/n/10.53937 takeSample(withReplacement,num,seed)| 
 []


LaTeX Warning: `h' float specifier changed to `ht'.

(C:\CTEX\MiKTeX\tex\latex\listings\lstlang1.sty
File: lstlang1.sty 2004/09/05 1.3 listings language file
)
Requested font "Times New Roman/ICU:script=latn;language=DFLT;mapping=tex-text;
" at 10.95pt
 -> C:/Windows/Fonts/times.ttf
Requested font "Courier New/ICU:script=latn;language=DFLT;mapping=tex-text;" at
 10.95pt
 -> C:/Windows/Fonts/cour.ttf
Requested font "Adobe Fangsong Std" at 10.95pt
 -> C:/Windows/Fonts/AdobeFangsongStd-Regular (v5.010).otf
Requested font "Adobe Fangsong Std/ICU" at 10.95pt
 -> C:/Windows/Fonts/AdobeFangsongStd-Regular (v5.010).otf
.................................................
. fontspec info: "defining-font"
. 
. Font family 'AdobeFangsongStd(0)' created for font 'Adobe Fangsong Std' with
. options [Mapping=tex-text,].
. 
. This font family consists of the following shapes:
.................................................
Requested font "Adobe Fangsong Std/ICU:script=latn;language=DFLT;mapping=tex-te
xt;" at 10.95pt
 -> C:/Windows/Fonts/AdobeFangsongStd-Regular (v5.010).otf
Requested font "Adobe Fangsong Std/ICU:script=latn;language=DFLT;mapping=tex-te
xt;" at 10.95pt
 -> C:/Windows/Fonts/AdobeFangsongStd-Regular (v5.010).otf
Requested font "Courier New/B/ICU:script=latn;language=DFLT;mapping=tex-text;" 
at 10.95pt
 -> C:/Windows/Fonts/courbd.ttf
 [20]
File: figures/rdd_cache.png Graphic file (type QTm)

<use  "figures/rdd_cache.png" >
Underfull \vbox (badness 10000) has occurred while \output is active []

 [21]
File: figures/dependency.png Graphic file (type QTm)

<use  "figures/dependency.png" >
File: figures/schedulerfw.png Graphic file (type QTm)
 <use  "figures/schedulerfw.png" > [22]
Underfull \vbox (badness 10000) has occurred while \output is active []

 [23]
[24]
Overfull \hbox (47.68672pt too wide) in paragraph at lines 260--262
\xeCJK@rm/bx/n/12.045  |       |    
     |    \EU1/TimesNewRoman(0)/m/n/12.045 JVM \xe
CJK@rm/bx/n/12.045  \EU1/TimesNewRoman(0)/m/n/12.045 ,OOM(OutOfMemoryErro
r)
 []

[25]
File: figures/collect.png Graphic file (type QTm)
 <use  "figures/collect.png" >
Underfull \vbox (badness 2376) has occurred while \output is active []

 [26])
(C:\Users\simon\Desktop\-nudtpaper_zxm\data/chap03.tex [27]
File: figures/spark_sift_fw.png Graphic file (type QTm)

<use  "figures/spark_sift_fw.png" >
File: figures/spsift_core_fw.png Graphic file (type QTm)
 <use  "figures/spsift_core_fw.png" >
Underfull \vbox (badness 10000) has occurred while \output is active []

 [28


]
File: figures/image_represent.png Graphic file (type QTm)

<use  "figures/image_represent.png" > [29]

LaTeX Warning: `h' float specifier changed to `ht'.

[30]
Underfull \vbox (badness 5217) has occurred while \output is active []

 [31]
File: figures/spkeypoint.png Graphic file (type QTm)

<use  "figures/spkeypoint.png" >
File: figures/spmemflist.png Graphic file (type QTm)
 <use  "figures/spmemflist.png" >
File: figures/alg_sparksift.png Graphic file (type QTm)

<use  "figures/alg_sparksift.png" > [32]
Requested font "Times New Roman/ICU:script=latn;language=DFLT;mapping=tex-text;
" at 6.0pt
 -> C:/Windows/Fonts/times.ttf

Underfull \vbox (badness 10000) has occurred while \output is active []

 [33]
File: figures/alg_sequence.png Graphic file (type QTm)

<use  "figures/alg_sequence.png" > [34]
Underfull \vbox (badness 10000) has occurred while \output is active []

 [35]
File: figures/try_stage.png Graphic file (type QTm)

<use  "figures/try_stage.png" > [36]
Overfull \hbox (42.43636pt too wide) in paragraph at lines 290--291
[]\xeCJK@rm/bx/n/12.045  \EU1/TimesNewRoman(0)/m/n/12.045 Spark \xeCJK@rm/bx
/n/12.045             \EU1/TimesNewRoman(0)
/m/n/12.045 maven \xeCJK@rm/bx/n/12.045  |    \EU1/TimesNewRo
man(0)/m/n/12.045 groupId \xeCJK@rm/bx/n/12.045  \EU1/TimesNewRoman(0)/m/n/1
2.045 org.apache.spark\xeCJK@rm/bx/n/12.045 |
 []


Underfull \vbox (badness 10000) has occurred while \output is active []

 [37]
Requested font "Courier New/ICU:script=latn;language=DFLT;mapping=tex-text;" at
 12.045pt
 -> C:/Windows/Fonts/cour.ttf


LaTeX Font Warning: Font shape `EU1/CourierNew(0)/tt/n' undefined
(Font)              using `EU1/CourierNew(0)/m/n' instead on input line 296.


LaTeX Font Warning: Font shape `EU1/TimesNewRoman(0)/tt/n' undefined
(Font)              using `EU1/TimesNewRoman(0)/m/n' instead on input line 297.


File: figures/find_finish.png Graphic file (type QTm)
<use  "figures/find_finish.png" >
File: figures/00021292_match.png Graphic file (type QTm)
 <use  "figures/00021292_match.png" > [38]
File: figures/00021324_match.png Graphic file (type QTm)

<use  "figures/00021324_match.png" >
File: figures/00021353_match.png Graphic file (type QTm)
 <use  "figures/00021353_match.png" >
File: figures/00021358_match.png Graphic file (type QTm)

<use  "figures/00021358_match.png" >)
(C:\Users\simon\Desktop\-nudtpaper_zxm\data/chap04.tex [39]
File: figures/kv_image.png Graphic file (type QTm)

<use  "figures/kv_image.png" > [40


]
File: figures/segmentation.png Graphic file (type QTm)
 <use  "figures/segmentation.png" >
File: figures/alg_segmentation.png Graphic file (type QTm)

<use  "figures/alg_segmentation.png" >
Underfull \vbox (badness 10000) has occurred while \output is active []

 [41]
Package hyperref Info: bookmark level for unknown algorithm defaults to 0 on in
put line 41.

Underfull \vbox (badness 10000) has occurred while \output is active []

 [42]
Underfull \vbox (badness 10000) has occurred while \output is active []

 [43]
File: figures/hash_shuffle.png Graphic file (type QTm)

<use  "figures/hash_shuffle.png" >
Underfull \vbox (badness 10000) has occurred while \output is active []

 [44]
File: figures/sort_shuffle.png Graphic file (type QTm)

<use  "figures/sort_shuffle.png" >
Underfull \vbox (badness 10000) has occurred while \output is active []

 [45]
File: figures/seg_shuffle.png Graphic file (type QTm)

<use  "figures/seg_shuffle.png" >)
(C:\Users\simon\Desktop\-nudtpaper_zxm\data/chap05.tex [46] [47]
File: figures/data_loadPerformance.png Graphic file (type QTm)

<use  "figures/data_loadPerformance.png" >
File: figures/data_keyValue_ratio.png Graphic file (type QTm)

<use  "figures/data_keyValue_ratio.png" > [48


]
File: figures/data_seg_speed.png Graphic file (type QTm)

<use  "figures/data_seg_speed.png" >
Underfull \vbox (badness 10000) has occurred while \output is active []

 [49]
File: figures/data_seg_accuracy.png Graphic file (type QTm)

<use  "figures/data_seg_accuracy.png" >
File: figures/data_Partition.png Graphic file (type QTm)
 <use  "figures/data_Partition.png" >
Underfull \vbox (badness 10000) has occurred while \output is active []

 [50]
File: figures/data_fourWays.png Graphic file (type QTm)

<use  "figures/data_fourWays.png" >
File: figures/data_seg_speedup.png Graphic file (type QTm)
 <use  "figures/data_seg_speedup.png" >
File: figures/data_spark_gpu.png Graphic file (type QTm)

<use  "figures/data_spark_gpu.png" >)
(C:\Users\simon\Desktop\-nudtpaper_zxm\data/chap06.tex
Underfull \vbox (badness 10000) has occurred while \output is active []

 [51]
Underfull \vbox (badness 10000) has occurred while \output is active []

 [52]
[53]
Underfull \vbox (badness 10000) has occurred while \output is active []

 [54


])
(C:\Users\simon\Desktop\-nudtpaper_zxm\data/ack.tex [55]
Underfull \vbox (badness 10000) has occurred while \output is active []

 [56

])
[57] (C:\Users\simon\Desktop\-nudtpaper_zxm\thesis.bbl
Underfull \hbox (badness 7522) in paragraph at lines 25--27
[]\EU1/TimesNewRoman(0)/tt/n/12.045 Art and Architecture. [][]$[][][][][] [] []
 [] [][][] [] [][][][][] [] [][][] [] [][][][][][][][] [] [][][][][] []
 []

[58


] [59]) (C:\Users\simon\Desktop\-nudtpaper_zxm\data/resume.tex [60])
[61

]
\tf@thm=\write8
Package atveryend Info: Empty hook `BeforeClearDocument' on input line 107.
Package atveryend Info: Empty hook `AfterLastShipout' on input line 107.
 (C:\Users\simon\Desktop\-nudtpaper_zxm\thesis.aux)
Package atveryend Info: Empty hook `AtVeryEndDocument' on input line 107.
Package atveryend Info: Empty hook `AtEndAfterFileList' on input line 107.


LaTeX Font Warning: Some font shapes were not available, defaults substituted.


LaTeX Warning: There were multiply-defined labels.

 ) 
Here is how much of TeX's memory you used:
 27076 strings out of 430478
 485854 string characters out of 3191501
 596316 words of memory out of 3000000
 29707 multiletter control sequences out of 15000+200000
 68198 words of font info for 267 fonts, out of 3000000 for 9000
 14 hyphenation exceptions out of 8191
 51i,11n,74p,1374b,1812s stack positions out of 5000i,500n,10000p,200000b,50000s

Output written on thesis.pdf (73 pages).
